mode: set
github.com/hyperledger/fabric-ca/lib/serveraffiliations.go:31.57,38.2 1 1
github.com/hyperledger/fabric-ca/lib/serveraffiliations.go:40.66,47.2 1 1
github.com/hyperledger/fabric-ca/lib/serveraffiliations.go:49.74,54.16 4 1
github.com/hyperledger/fabric-ca/lib/serveraffiliations.go:57.2,58.16 2 1
github.com/hyperledger/fabric-ca/lib/serveraffiliations.go:61.2,62.16 2 1
github.com/hyperledger/fabric-ca/lib/serveraffiliations.go:65.2,66.16 2 1
github.com/hyperledger/fabric-ca/lib/serveraffiliations.go:70.2,71.16 2 1
github.com/hyperledger/fabric-ca/lib/serveraffiliations.go:75.2,75.18 1 1
github.com/hyperledger/fabric-ca/lib/serveraffiliations.go:54.16,56.3 1 0
github.com/hyperledger/fabric-ca/lib/serveraffiliations.go:58.16,60.3 1 0
github.com/hyperledger/fabric-ca/lib/serveraffiliations.go:62.16,64.3 1 0
github.com/hyperledger/fabric-ca/lib/serveraffiliations.go:66.16,68.3 1 1
github.com/hyperledger/fabric-ca/lib/serveraffiliations.go:71.16,73.3 1 1
github.com/hyperledger/fabric-ca/lib/serveraffiliations.go:78.83,84.16 4 1
github.com/hyperledger/fabric-ca/lib/serveraffiliations.go:87.2,88.16 2 1
github.com/hyperledger/fabric-ca/lib/serveraffiliations.go:91.2,92.16 2 1
github.com/hyperledger/fabric-ca/lib/serveraffiliations.go:95.2,96.16 2 1
github.com/hyperledger/fabric-ca/lib/serveraffiliations.go:100.2,101.16 2 1
github.com/hyperledger/fabric-ca/lib/serveraffiliations.go:105.2,105.18 1 1
github.com/hyperledger/fabric-ca/lib/serveraffiliations.go:84.16,86.3 1 0
github.com/hyperledger/fabric-ca/lib/serveraffiliations.go:88.16,90.3 1 0
github.com/hyperledger/fabric-ca/lib/serveraffiliations.go:92.16,94.3 1 0
github.com/hyperledger/fabric-ca/lib/serveraffiliations.go:96.16,98.3 1 1
github.com/hyperledger/fabric-ca/lib/serveraffiliations.go:101.16,103.3 1 1
github.com/hyperledger/fabric-ca/lib/serveraffiliations.go:109.121,113.16 3 1
github.com/hyperledger/fabric-ca/lib/serveraffiliations.go:114.13,115.63 1 1
github.com/hyperledger/fabric-ca/lib/serveraffiliations.go:116.14,117.52 1 1
github.com/hyperledger/fabric-ca/lib/serveraffiliations.go:118.10,119.59 1 0
github.com/hyperledger/fabric-ca/lib/serveraffiliations.go:124.112,128.16 3 1
github.com/hyperledger/fabric-ca/lib/serveraffiliations.go:129.13,130.59 1 1
github.com/hyperledger/fabric-ca/lib/serveraffiliations.go:131.16,132.54 1 1
github.com/hyperledger/fabric-ca/lib/serveraffiliations.go:133.13,134.51 1 1
github.com/hyperledger/fabric-ca/lib/serveraffiliations.go:135.10,136.59 1 0
github.com/hyperledger/fabric-ca/lib/serveraffiliations.go:140.132,144.16 3 1
github.com/hyperledger/fabric-ca/lib/serveraffiliations.go:148.2,148.18 1 1
github.com/hyperledger/fabric-ca/lib/serveraffiliations.go:144.16,146.3 1 0
github.com/hyperledger/fabric-ca/lib/serveraffiliations.go:151.128,155.16 3 1
github.com/hyperledger/fabric-ca/lib/serveraffiliations.go:159.2,160.16 2 1
github.com/hyperledger/fabric-ca/lib/serveraffiliations.go:164.2,164.18 1 1
github.com/hyperledger/fabric-ca/lib/serveraffiliations.go:155.16,157.3 1 0
github.com/hyperledger/fabric-ca/lib/serveraffiliations.go:160.16,162.3 1 1
github.com/hyperledger/fabric-ca/lib/serveraffiliations.go:167.115,174.16 6 1
github.com/hyperledger/fabric-ca/lib/serveraffiliations.go:178.2,179.18 2 1
github.com/hyperledger/fabric-ca/lib/serveraffiliations.go:188.2,197.18 6 1
github.com/hyperledger/fabric-ca/lib/serveraffiliations.go:174.16,176.3 1 0
github.com/hyperledger/fabric-ca/lib/serveraffiliations.go:179.18,182.17 3 1
github.com/hyperledger/fabric-ca/lib/serveraffiliations.go:186.3,186.28 1 1
github.com/hyperledger/fabric-ca/lib/serveraffiliations.go:182.17,184.4 1 0
github.com/hyperledger/fabric-ca/lib/serveraffiliations.go:200.136,205.16 4 1
github.com/hyperledger/fabric-ca/lib/serveraffiliations.go:209.2,210.16 2 1
github.com/hyperledger/fabric-ca/lib/serveraffiliations.go:214.2,215.16 2 1
github.com/hyperledger/fabric-ca/lib/serveraffiliations.go:219.2,219.18 1 1
github.com/hyperledger/fabric-ca/lib/serveraffiliations.go:205.16,207.3 1 1
github.com/hyperledger/fabric-ca/lib/serveraffiliations.go:210.16,212.3 1 1
github.com/hyperledger/fabric-ca/lib/serveraffiliations.go:215.16,217.3 1 0
github.com/hyperledger/fabric-ca/lib/serveraffiliations.go:222.114,225.49 2 1
github.com/hyperledger/fabric-ca/lib/serveraffiliations.go:229.2,230.16 2 1
github.com/hyperledger/fabric-ca/lib/serveraffiliations.go:233.2,236.36 3 1
github.com/hyperledger/fabric-ca/lib/serveraffiliations.go:240.2,241.16 2 1
github.com/hyperledger/fabric-ca/lib/serveraffiliations.go:245.2,246.16 2 1
github.com/hyperledger/fabric-ca/lib/serveraffiliations.go:250.2,251.16 2 1
github.com/hyperledger/fabric-ca/lib/serveraffiliations.go:258.2,260.16 3 1
github.com/hyperledger/fabric-ca/lib/serveraffiliations.go:264.2,265.16 2 1
github.com/hyperledger/fabric-ca/lib/serveraffiliations.go:269.2,269.18 1 1
github.com/hyperledger/fabric-ca/lib/serveraffiliations.go:225.49,227.3 1 1
github.com/hyperledger/fabric-ca/lib/serveraffiliations.go:230.16,232.3 1 0
github.com/hyperledger/fabric-ca/lib/serveraffiliations.go:236.36,238.3 1 1
github.com/hyperledger/fabric-ca/lib/serveraffiliations.go:241.16,243.3 1 0
github.com/hyperledger/fabric-ca/lib/serveraffiliations.go:246.16,248.3 1 0
github.com/hyperledger/fabric-ca/lib/serveraffiliations.go:251.16,253.26 2 1
github.com/hyperledger/fabric-ca/lib/serveraffiliations.go:253.26,255.4 1 1
github.com/hyperledger/fabric-ca/lib/serveraffiliations.go:260.16,262.3 1 1
github.com/hyperledger/fabric-ca/lib/serveraffiliations.go:265.16,267.3 1 0
github.com/hyperledger/fabric-ca/lib/serveraffiliations.go:272.112,279.16 5 1
github.com/hyperledger/fabric-ca/lib/serveraffiliations.go:283.2,288.16 5 1
github.com/hyperledger/fabric-ca/lib/serveraffiliations.go:292.2,293.16 2 1
github.com/hyperledger/fabric-ca/lib/serveraffiliations.go:297.2,298.16 2 1
github.com/hyperledger/fabric-ca/lib/serveraffiliations.go:302.2,306.11 4 1
github.com/hyperledger/fabric-ca/lib/serveraffiliations.go:343.2,346.18 3 1
github.com/hyperledger/fabric-ca/lib/serveraffiliations.go:279.16,281.3 1 0
github.com/hyperledger/fabric-ca/lib/serveraffiliations.go:288.16,290.3 1 1
github.com/hyperledger/fabric-ca/lib/serveraffiliations.go:293.16,295.3 1 1
github.com/hyperledger/fabric-ca/lib/serveraffiliations.go:298.16,300.3 1 0
github.com/hyperledger/fabric-ca/lib/serveraffiliations.go:306.11,309.46 2 1
github.com/hyperledger/fabric-ca/lib/serveraffiliations.go:309.46,312.18 3 1
github.com/hyperledger/fabric-ca/lib/serveraffiliations.go:315.4,316.43 2 1
github.com/hyperledger/fabric-ca/lib/serveraffiliations.go:312.18,314.5 1 0
github.com/hyperledger/fabric-ca/lib/serveraffiliations.go:318.3,320.35 1 1
github.com/hyperledger/fabric-ca/lib/serveraffiliations.go:320.35,323.18 3 1
github.com/hyperledger/fabric-ca/lib/serveraffiliations.go:330.4,331.18 2 1
github.com/hyperledger/fabric-ca/lib/serveraffiliations.go:323.18,325.29 2 1
github.com/hyperledger/fabric-ca/lib/serveraffiliations.go:328.5,328.20 1 1
github.com/hyperledger/fabric-ca/lib/serveraffiliations.go:325.29,327.6 1 0
github.com/hyperledger/fabric-ca/lib/serveraffiliations.go:331.18,333.5 1 0
github.com/hyperledger/fabric-ca/lib/serveraffiliations.go:334.4,336.18 2 1
github.com/hyperledger/fabric-ca/lib/serveraffiliations.go:336.18,338.5 1 0
github.com/hyperledger/fabric-ca/lib/serveraffiliations.go:349.111,353.16 3 1
github.com/hyperledger/fabric-ca/lib/serveraffiliations.go:357.2,359.16 3 1
github.com/hyperledger/fabric-ca/lib/serveraffiliations.go:362.2,366.16 4 1
github.com/hyperledger/fabric-ca/lib/serveraffiliations.go:370.2,371.16 2 1
github.com/hyperledger/fabric-ca/lib/serveraffiliations.go:375.2,377.20 3 1
github.com/hyperledger/fabric-ca/lib/serveraffiliations.go:385.2,386.16 2 1
github.com/hyperledger/fabric-ca/lib/serveraffiliations.go:393.2,395.16 3 1
github.com/hyperledger/fabric-ca/lib/serveraffiliations.go:399.2,400.16 2 1
github.com/hyperledger/fabric-ca/lib/serveraffiliations.go:404.2,404.18 1 1
github.com/hyperledger/fabric-ca/lib/serveraffiliations.go:353.16,355.3 1 0
github.com/hyperledger/fabric-ca/lib/serveraffiliations.go:359.16,361.3 1 0
github.com/hyperledger/fabric-ca/lib/serveraffiliations.go:366.16,368.3 1 0
github.com/hyperledger/fabric-ca/lib/serveraffiliations.go:371.16,373.3 1 1
github.com/hyperledger/fabric-ca/lib/serveraffiliations.go:377.20,379.17 2 1
github.com/hyperledger/fabric-ca/lib/serveraffiliations.go:379.17,381.4 1 0
github.com/hyperledger/fabric-ca/lib/serveraffiliations.go:386.16,388.26 2 0
github.com/hyperledger/fabric-ca/lib/serveraffiliations.go:388.26,390.4 1 0
github.com/hyperledger/fabric-ca/lib/serveraffiliations.go:395.16,397.3 1 1
github.com/hyperledger/fabric-ca/lib/serveraffiliations.go:400.16,402.3 1 0
github.com/hyperledger/fabric-ca/lib/serveraffiliations.go:407.91,411.25 3 1
github.com/hyperledger/fabric-ca/lib/serveraffiliations.go:414.2,414.25 1 1
github.com/hyperledger/fabric-ca/lib/serveraffiliations.go:417.2,419.16 3 1
github.com/hyperledger/fabric-ca/lib/serveraffiliations.go:422.2,423.18 2 1
github.com/hyperledger/fabric-ca/lib/serveraffiliations.go:411.25,413.3 1 0
github.com/hyperledger/fabric-ca/lib/serveraffiliations.go:414.25,416.3 1 0
github.com/hyperledger/fabric-ca/lib/serveraffiliations.go:419.16,421.3 1 0
github.com/hyperledger/fabric-ca/lib/serveraffiliations.go:427.71,429.36 2 1
github.com/hyperledger/fabric-ca/lib/serveraffiliations.go:441.2,441.14 1 1
github.com/hyperledger/fabric-ca/lib/serveraffiliations.go:429.36,431.37 2 1
github.com/hyperledger/fabric-ca/lib/serveraffiliations.go:437.3,437.13 1 1
github.com/hyperledger/fabric-ca/lib/serveraffiliations.go:431.37,432.58 1 1
github.com/hyperledger/fabric-ca/lib/serveraffiliations.go:432.58,434.10 2 1
github.com/hyperledger/fabric-ca/lib/serveraffiliations.go:437.13,439.4 1 1
github.com/hyperledger/fabric-ca/lib/serveraffiliations.go:447.128,451.45 3 1
github.com/hyperledger/fabric-ca/lib/serveraffiliations.go:461.2,461.25 1 1
github.com/hyperledger/fabric-ca/lib/serveraffiliations.go:465.2,467.6 3 1
github.com/hyperledger/fabric-ca/lib/serveraffiliations.go:491.2,491.23 1 1
github.com/hyperledger/fabric-ca/lib/serveraffiliations.go:494.2,494.12 1 1
github.com/hyperledger/fabric-ca/lib/serveraffiliations.go:451.45,453.20 2 1
github.com/hyperledger/fabric-ca/lib/serveraffiliations.go:453.20,455.18 2 1
github.com/hyperledger/fabric-ca/lib/serveraffiliations.go:458.4,458.40 1 1
github.com/hyperledger/fabric-ca/lib/serveraffiliations.go:455.18,457.5 1 0
github.com/hyperledger/fabric-ca/lib/serveraffiliations.go:461.25,463.3 1 1
github.com/hyperledger/fabric-ca/lib/serveraffiliations.go:467.6,470.38 2 1
github.com/hyperledger/fabric-ca/lib/serveraffiliations.go:479.3,479.19 1 1
github.com/hyperledger/fabric-ca/lib/serveraffiliations.go:484.3,486.17 3 1
github.com/hyperledger/fabric-ca/lib/serveraffiliations.go:489.3,489.40 1 1
github.com/hyperledger/fabric-ca/lib/serveraffiliations.go:470.38,472.41 2 1
github.com/hyperledger/fabric-ca/lib/serveraffiliations.go:472.41,476.10 3 1
github.com/hyperledger/fabric-ca/lib/serveraffiliations.go:479.19,481.9 1 1
github.com/hyperledger/fabric-ca/lib/serveraffiliations.go:486.17,488.4 1 0
github.com/hyperledger/fabric-ca/lib/serveraffiliations.go:491.23,493.3 1 1
github.com/hyperledger/fabric-ca/lib/serveraffiliations.go:498.50,499.41 1 1
github.com/hyperledger/fabric-ca/lib/serveraffiliations.go:502.2,504.41 3 1
github.com/hyperledger/fabric-ca/lib/serveraffiliations.go:507.2,507.13 1 1
github.com/hyperledger/fabric-ca/lib/serveraffiliations.go:499.41,501.3 1 1
github.com/hyperledger/fabric-ca/lib/serveraffiliations.go:504.41,506.3 1 1
github.com/hyperledger/fabric-ca/lib/serveraffiliations.go:510.58,512.16 2 1
github.com/hyperledger/fabric-ca/lib/serveraffiliations.go:515.2,521.8 1 1
github.com/hyperledger/fabric-ca/lib/serveraffiliations.go:512.16,514.3 1 0
github.com/hyperledger/fabric-ca/lib/serveraffiliations.go:528.54,530.2 1 1
github.com/hyperledger/fabric-ca/lib/serveraffiliations.go:532.56,533.20 1 1
github.com/hyperledger/fabric-ca/lib/serveraffiliations.go:536.2,536.24 1 1
github.com/hyperledger/fabric-ca/lib/serveraffiliations.go:539.2,540.17 2 1
github.com/hyperledger/fabric-ca/lib/serveraffiliations.go:544.2,544.29 1 1
github.com/hyperledger/fabric-ca/lib/serveraffiliations.go:533.20,535.3 1 1
github.com/hyperledger/fabric-ca/lib/serveraffiliations.go:536.24,538.3 1 1
github.com/hyperledger/fabric-ca/lib/serveraffiliations.go:540.17,543.3 2 1
github.com/hyperledger/fabric-ca/lib/serveraffiliations.go:547.59,550.34 3 1
github.com/hyperledger/fabric-ca/lib/serveraffiliations.go:551.9,552.13 1 0
github.com/hyperledger/fabric-ca/lib/serveraffiliations.go:553.9,554.33 1 1
github.com/hyperledger/fabric-ca/lib/serveraffiliations.go:555.10,556.16 1 1
github.com/hyperledger/fabric-ca/lib/serveraffiliations.go:560.73,562.26 2 1
github.com/hyperledger/fabric-ca/lib/serveraffiliations.go:562.26,565.39 3 1
github.com/hyperledger/fabric-ca/lib/serveraffiliations.go:565.39,568.4 2 1
github.com/hyperledger/fabric-ca/lib/serverenroll.go:67.51,74.2 1 1
github.com/hyperledger/fabric-ca/lib/serverenroll.go:76.53,83.2 1 1
github.com/hyperledger/fabric-ca/lib/serverenroll.go:86.68,88.16 2 1
github.com/hyperledger/fabric-ca/lib/serverenroll.go:91.2,92.16 2 1
github.com/hyperledger/fabric-ca/lib/serverenroll.go:95.2,96.16 2 1
github.com/hyperledger/fabric-ca/lib/serverenroll.go:99.2,99.18 1 1
github.com/hyperledger/fabric-ca/lib/serverenroll.go:88.16,90.3 1 1
github.com/hyperledger/fabric-ca/lib/serverenroll.go:92.16,94.3 1 1
github.com/hyperledger/fabric-ca/lib/serverenroll.go:96.16,98.3 1 0
github.com/hyperledger/fabric-ca/lib/serverenroll.go:103.70,106.16 2 1
github.com/hyperledger/fabric-ca/lib/serverenroll.go:109.2,109.30 1 1
github.com/hyperledger/fabric-ca/lib/serverenroll.go:106.16,108.3 1 1
github.com/hyperledger/fabric-ca/lib/serverenroll.go:113.78,116.16 3 1
github.com/hyperledger/fabric-ca/lib/serverenroll.go:120.2,121.16 2 1
github.com/hyperledger/fabric-ca/lib/serverenroll.go:126.2,126.27 1 1
github.com/hyperledger/fabric-ca/lib/serverenroll.go:134.2,135.16 2 1
github.com/hyperledger/fabric-ca/lib/serverenroll.go:141.2,141.56 1 1
github.com/hyperledger/fabric-ca/lib/serverenroll.go:149.2,150.16 2 1
github.com/hyperledger/fabric-ca/lib/serverenroll.go:154.2,155.16 2 1
github.com/hyperledger/fabric-ca/lib/serverenroll.go:159.2,159.16 1 1
github.com/hyperledger/fabric-ca/lib/serverenroll.go:164.2,165.16 2 1
github.com/hyperledger/fabric-ca/lib/serverenroll.go:169.2,173.16 3 1
github.com/hyperledger/fabric-ca/lib/serverenroll.go:177.2,177.18 1 1
github.com/hyperledger/fabric-ca/lib/serverenroll.go:116.16,118.3 1 0
github.com/hyperledger/fabric-ca/lib/serverenroll.go:121.16,123.3 1 0
github.com/hyperledger/fabric-ca/lib/serverenroll.go:126.27,129.88 2 1
github.com/hyperledger/fabric-ca/lib/serverenroll.go:132.3,132.73 1 1
github.com/hyperledger/fabric-ca/lib/serverenroll.go:129.88,131.4 1 1
github.com/hyperledger/fabric-ca/lib/serverenroll.go:135.16,137.3 1 0
github.com/hyperledger/fabric-ca/lib/serverenroll.go:141.56,145.3 2 0
github.com/hyperledger/fabric-ca/lib/serverenroll.go:150.16,152.3 1 1
github.com/hyperledger/fabric-ca/lib/serverenroll.go:155.16,157.3 1 0
github.com/hyperledger/fabric-ca/lib/serverenroll.go:159.16,162.3 2 1
github.com/hyperledger/fabric-ca/lib/serverenroll.go:165.16,167.3 1 0
github.com/hyperledger/fabric-ca/lib/serverenroll.go:173.16,175.3 1 0
github.com/hyperledger/fabric-ca/lib/serverenroll.go:188.102,191.18 2 1
github.com/hyperledger/fabric-ca/lib/serverenroll.go:194.2,194.84 1 1
github.com/hyperledger/fabric-ca/lib/serverenroll.go:198.2,199.16 2 1
github.com/hyperledger/fabric-ca/lib/serverenroll.go:202.2,203.85 2 1
github.com/hyperledger/fabric-ca/lib/serverenroll.go:206.2,207.16 2 1
github.com/hyperledger/fabric-ca/lib/serverenroll.go:210.2,210.17 1 1
github.com/hyperledger/fabric-ca/lib/serverenroll.go:219.2,220.16 2 1
github.com/hyperledger/fabric-ca/lib/serverenroll.go:223.2,224.16 2 1
github.com/hyperledger/fabric-ca/lib/serverenroll.go:228.2,230.12 3 1
github.com/hyperledger/fabric-ca/lib/serverenroll.go:191.18,193.3 1 1
github.com/hyperledger/fabric-ca/lib/serverenroll.go:194.84,197.3 1 0
github.com/hyperledger/fabric-ca/lib/serverenroll.go:199.16,201.3 1 0
github.com/hyperledger/fabric-ca/lib/serverenroll.go:203.85,205.3 1 1
github.com/hyperledger/fabric-ca/lib/serverenroll.go:207.16,209.3 1 0
github.com/hyperledger/fabric-ca/lib/serverenroll.go:210.17,214.17 2 1
github.com/hyperledger/fabric-ca/lib/serverenroll.go:214.17,216.4 1 1
github.com/hyperledger/fabric-ca/lib/serverenroll.go:220.16,222.3 1 1
github.com/hyperledger/fabric-ca/lib/serverenroll.go:224.16,226.3 1 0
github.com/hyperledger/fabric-ca/lib/serverenroll.go:236.103,239.15 2 1
github.com/hyperledger/fabric-ca/lib/serverenroll.go:242.2,242.26 1 1
github.com/hyperledger/fabric-ca/lib/serverenroll.go:247.2,247.40 1 1
github.com/hyperledger/fabric-ca/lib/serverenroll.go:264.2,265.19 2 1
github.com/hyperledger/fabric-ca/lib/serverenroll.go:239.15,241.3 1 0
github.com/hyperledger/fabric-ca/lib/serverenroll.go:242.26,245.3 2 1
github.com/hyperledger/fabric-ca/lib/serverenroll.go:247.40,248.40 1 1
github.com/hyperledger/fabric-ca/lib/serverenroll.go:248.40,252.71 4 0
github.com/hyperledger/fabric-ca/lib/serverenroll.go:257.4,257.24 1 0
github.com/hyperledger/fabric-ca/lib/serverenroll.go:252.71,254.5 1 0
github.com/hyperledger/fabric-ca/lib/serverenroll.go:254.5,254.29 1 0
github.com/hyperledger/fabric-ca/lib/serverenroll.go:254.29,256.5 1 0
github.com/hyperledger/fabric-ca/lib/serverenroll.go:257.24,260.5 2 0
github.com/hyperledger/fabric-ca/lib/serverenroll.go:268.71,269.19 1 1
github.com/hyperledger/fabric-ca/lib/serverenroll.go:272.2,272.44 1 1
github.com/hyperledger/fabric-ca/lib/serverenroll.go:269.19,271.3 1 1
github.com/hyperledger/fabric-ca/lib/serverenroll.go:276.62,279.38 2 1
github.com/hyperledger/fabric-ca/lib/serverenroll.go:313.2,313.12 1 1
github.com/hyperledger/fabric-ca/lib/serverenroll.go:279.38,281.10 2 1
github.com/hyperledger/fabric-ca/lib/serverenroll.go:282.36,283.37 1 1
github.com/hyperledger/fabric-ca/lib/serverenroll.go:286.38,287.39 1 1
github.com/hyperledger/fabric-ca/lib/serverenroll.go:290.44,291.49 1 1
github.com/hyperledger/fabric-ca/lib/serverenroll.go:294.38,295.43 1 1
github.com/hyperledger/fabric-ca/lib/serverenroll.go:298.33,299.38 1 1
github.com/hyperledger/fabric-ca/lib/serverenroll.go:302.34,303.39 1 1
github.com/hyperledger/fabric-ca/lib/serverenroll.go:306.31,307.46 1 1
github.com/hyperledger/fabric-ca/lib/serverenroll.go:283.37,285.5 1 1
github.com/hyperledger/fabric-ca/lib/serverenroll.go:287.39,289.5 1 1
github.com/hyperledger/fabric-ca/lib/serverenroll.go:291.49,293.5 1 1
github.com/hyperledger/fabric-ca/lib/serverenroll.go:295.43,297.5 1 1
github.com/hyperledger/fabric-ca/lib/serverenroll.go:299.38,301.5 1 1
github.com/hyperledger/fabric-ca/lib/serverenroll.go:303.39,305.5 1 1
github.com/hyperledger/fabric-ca/lib/serverenroll.go:307.46,309.5 1 1
github.com/hyperledger/fabric-ca/lib/serverenroll.go:322.62,324.14 2 1
github.com/hyperledger/fabric-ca/lib/serverenroll.go:327.2,329.31 2 1
github.com/hyperledger/fabric-ca/lib/serverenroll.go:336.2,337.50 2 1
github.com/hyperledger/fabric-ca/lib/serverenroll.go:341.2,342.17 2 1
github.com/hyperledger/fabric-ca/lib/serverenroll.go:324.14,326.3 1 1
github.com/hyperledger/fabric-ca/lib/serverenroll.go:329.31,330.95 1 0
github.com/hyperledger/fabric-ca/lib/serverenroll.go:330.95,333.4 2 0
github.com/hyperledger/fabric-ca/lib/serverenroll.go:337.50,339.3 1 1
github.com/hyperledger/fabric-ca/lib/servererror.go:169.82,178.2 2 1
github.com/hyperledger/fabric-ca/lib/servererror.go:181.76,183.2 1 1
github.com/hyperledger/fabric-ca/lib/servererror.go:188.69,192.2 3 1
github.com/hyperledger/fabric-ca/lib/servererror.go:209.35,211.2 1 1
github.com/hyperledger/fabric-ca/lib/servererror.go:214.36,215.48 1 1
github.com/hyperledger/fabric-ca/lib/servererror.go:218.2,219.50 1 1
github.com/hyperledger/fabric-ca/lib/servererror.go:215.48,217.3 1 1
github.com/hyperledger/fabric-ca/lib/servererror.go:223.82,227.2 3 1
github.com/hyperledger/fabric-ca/lib/servererror.go:230.63,233.16 3 0
github.com/hyperledger/fabric-ca/lib/servererror.go:237.2,239.12 3 0
github.com/hyperledger/fabric-ca/lib/servererror.go:233.16,236.3 2 0
github.com/hyperledger/fabric-ca/lib/servererror.go:247.76,253.2 2 1
github.com/hyperledger/fabric-ca/lib/servererror.go:255.36,257.2 1 1
github.com/hyperledger/fabric-ca/lib/servererror.go:259.37,261.2 1 1
github.com/hyperledger/fabric-ca/lib/servererror.go:263.35,267.31 3 1
github.com/hyperledger/fabric-ca/lib/servererror.go:271.2,271.39 1 1
github.com/hyperledger/fabric-ca/lib/servererror.go:274.2,274.14 1 1
github.com/hyperledger/fabric-ca/lib/servererror.go:267.31,269.3 1 1
github.com/hyperledger/fabric-ca/lib/servererror.go:271.39,273.3 1 1
github.com/hyperledger/fabric-ca/lib/serveridentities.go:34.55,41.2 1 1
github.com/hyperledger/fabric-ca/lib/serveridentities.go:43.64,50.2 1 1
github.com/hyperledger/fabric-ca/lib/serveridentities.go:52.81,56.16 3 1
github.com/hyperledger/fabric-ca/lib/serveridentities.go:59.2,60.16 2 1
github.com/hyperledger/fabric-ca/lib/serveridentities.go:63.2,64.16 2 1
github.com/hyperledger/fabric-ca/lib/serveridentities.go:68.2,69.16 2 1
github.com/hyperledger/fabric-ca/lib/serveridentities.go:72.2,72.18 1 1
github.com/hyperledger/fabric-ca/lib/serveridentities.go:56.16,58.3 1 0
github.com/hyperledger/fabric-ca/lib/serveridentities.go:60.16,62.3 1 0
github.com/hyperledger/fabric-ca/lib/serveridentities.go:64.16,66.3 1 0
github.com/hyperledger/fabric-ca/lib/serveridentities.go:69.16,71.3 1 1
github.com/hyperledger/fabric-ca/lib/serveridentities.go:75.72,80.16 4 1
github.com/hyperledger/fabric-ca/lib/serveridentities.go:83.2,84.16 2 1
github.com/hyperledger/fabric-ca/lib/serveridentities.go:87.2,88.16 2 1
github.com/hyperledger/fabric-ca/lib/serveridentities.go:92.2,93.16 2 1
github.com/hyperledger/fabric-ca/lib/serveridentities.go:97.2,97.18 1 1
github.com/hyperledger/fabric-ca/lib/serveridentities.go:80.16,82.3 1 0
github.com/hyperledger/fabric-ca/lib/serveridentities.go:84.16,86.3 1 0
github.com/hyperledger/fabric-ca/lib/serveridentities.go:88.16,90.3 1 0
github.com/hyperledger/fabric-ca/lib/serveridentities.go:93.16,95.3 1 1
github.com/hyperledger/fabric-ca/lib/serveridentities.go:101.110,105.16 3 1
github.com/hyperledger/fabric-ca/lib/serveridentities.go:106.13,107.59 1 1
github.com/hyperledger/fabric-ca/lib/serveridentities.go:108.14,109.41 1 1
github.com/hyperledger/fabric-ca/lib/serveridentities.go:110.10,111.59 1 0
github.com/hyperledger/fabric-ca/lib/serveridentities.go:116.101,120.16 3 1
github.com/hyperledger/fabric-ca/lib/serveridentities.go:121.13,122.50 1 1
github.com/hyperledger/fabric-ca/lib/serveridentities.go:123.16,124.43 1 1
github.com/hyperledger/fabric-ca/lib/serveridentities.go:125.13,126.40 1 1
github.com/hyperledger/fabric-ca/lib/serveridentities.go:127.10,128.59 1 0
github.com/hyperledger/fabric-ca/lib/serveridentities.go:132.95,136.16 3 1
github.com/hyperledger/fabric-ca/lib/serveridentities.go:139.2,139.12 1 1
github.com/hyperledger/fabric-ca/lib/serveridentities.go:136.16,138.3 1 1
github.com/hyperledger/fabric-ca/lib/serveridentities.go:142.106,146.16 3 1
github.com/hyperledger/fabric-ca/lib/serveridentities.go:150.2,151.16 2 1
github.com/hyperledger/fabric-ca/lib/serveridentities.go:155.2,155.18 1 1
github.com/hyperledger/fabric-ca/lib/serveridentities.go:146.16,148.3 1 0
github.com/hyperledger/fabric-ca/lib/serveridentities.go:151.16,153.3 1 1
github.com/hyperledger/fabric-ca/lib/serveridentities.go:158.78,166.16 6 1
github.com/hyperledger/fabric-ca/lib/serveridentities.go:169.2,169.18 1 1
github.com/hyperledger/fabric-ca/lib/serveridentities.go:174.2,177.16 4 1
github.com/hyperledger/fabric-ca/lib/serveridentities.go:183.2,185.30 3 1
github.com/hyperledger/fabric-ca/lib/serveridentities.go:194.2,199.18 4 1
github.com/hyperledger/fabric-ca/lib/serveridentities.go:235.2,238.12 3 1
github.com/hyperledger/fabric-ca/lib/serveridentities.go:166.16,168.3 1 1
github.com/hyperledger/fabric-ca/lib/serveridentities.go:169.18,171.3 1 0
github.com/hyperledger/fabric-ca/lib/serveridentities.go:177.16,179.3 1 0
github.com/hyperledger/fabric-ca/lib/serveridentities.go:185.30,187.3 1 1
github.com/hyperledger/fabric-ca/lib/serveridentities.go:187.3,189.17 2 1
github.com/hyperledger/fabric-ca/lib/serveridentities.go:189.17,191.4 1 0
github.com/hyperledger/fabric-ca/lib/serveridentities.go:199.18,203.17 4 1
github.com/hyperledger/fabric-ca/lib/serveridentities.go:207.3,207.20 1 1
github.com/hyperledger/fabric-ca/lib/serveridentities.go:211.3,223.17 5 1
github.com/hyperledger/fabric-ca/lib/serveridentities.go:226.3,229.35 2 1
github.com/hyperledger/fabric-ca/lib/serveridentities.go:203.17,205.4 1 0
github.com/hyperledger/fabric-ca/lib/serveridentities.go:207.20,209.4 1 1
github.com/hyperledger/fabric-ca/lib/serveridentities.go:223.17,225.4 1 0
github.com/hyperledger/fabric-ca/lib/serveridentities.go:229.35,231.4 1 1
github.com/hyperledger/fabric-ca/lib/serveridentities.go:241.103,246.16 4 1
github.com/hyperledger/fabric-ca/lib/serveridentities.go:250.2,251.16 2 1
github.com/hyperledger/fabric-ca/lib/serveridentities.go:255.2,256.16 2 1
github.com/hyperledger/fabric-ca/lib/serveridentities.go:260.2,269.18 2 1
github.com/hyperledger/fabric-ca/lib/serveridentities.go:246.16,248.3 1 0
github.com/hyperledger/fabric-ca/lib/serveridentities.go:251.16,253.3 1 1
github.com/hyperledger/fabric-ca/lib/serveridentities.go:256.16,258.3 1 0
github.com/hyperledger/fabric-ca/lib/serveridentities.go:272.100,275.47 2 1
github.com/hyperledger/fabric-ca/lib/serveridentities.go:279.2,280.16 2 1
github.com/hyperledger/fabric-ca/lib/serveridentities.go:284.2,284.20 1 1
github.com/hyperledger/fabric-ca/lib/serveridentities.go:288.2,291.16 3 1
github.com/hyperledger/fabric-ca/lib/serveridentities.go:295.2,295.48 1 1
github.com/hyperledger/fabric-ca/lib/serveridentities.go:299.2,301.16 3 1
github.com/hyperledger/fabric-ca/lib/serveridentities.go:305.2,306.16 2 1
github.com/hyperledger/fabric-ca/lib/serveridentities.go:310.2,311.16 2 1
github.com/hyperledger/fabric-ca/lib/serveridentities.go:315.2,316.16 2 1
github.com/hyperledger/fabric-ca/lib/serveridentities.go:320.2,321.18 2 1
github.com/hyperledger/fabric-ca/lib/serveridentities.go:275.47,277.3 1 1
github.com/hyperledger/fabric-ca/lib/serveridentities.go:280.16,282.3 1 0
github.com/hyperledger/fabric-ca/lib/serveridentities.go:284.20,286.3 1 0
github.com/hyperledger/fabric-ca/lib/serveridentities.go:291.16,293.3 1 0
github.com/hyperledger/fabric-ca/lib/serveridentities.go:295.48,297.3 1 0
github.com/hyperledger/fabric-ca/lib/serveridentities.go:301.16,303.3 1 1
github.com/hyperledger/fabric-ca/lib/serveridentities.go:306.16,308.3 1 0
github.com/hyperledger/fabric-ca/lib/serveridentities.go:311.16,313.3 1 0
github.com/hyperledger/fabric-ca/lib/serveridentities.go:316.16,318.3 1 0
github.com/hyperledger/fabric-ca/lib/serveridentities.go:324.98,330.16 5 1
github.com/hyperledger/fabric-ca/lib/serveridentities.go:334.2,334.18 1 1
github.com/hyperledger/fabric-ca/lib/serveridentities.go:337.2,348.16 4 1
github.com/hyperledger/fabric-ca/lib/serveridentities.go:351.2,354.16 3 1
github.com/hyperledger/fabric-ca/lib/serveridentities.go:359.2,360.16 2 1
github.com/hyperledger/fabric-ca/lib/serveridentities.go:364.2,365.16 2 1
github.com/hyperledger/fabric-ca/lib/serveridentities.go:369.2,370.18 2 1
github.com/hyperledger/fabric-ca/lib/serveridentities.go:330.16,332.3 1 0
github.com/hyperledger/fabric-ca/lib/serveridentities.go:334.18,336.3 1 0
github.com/hyperledger/fabric-ca/lib/serveridentities.go:348.16,350.3 1 0
github.com/hyperledger/fabric-ca/lib/serveridentities.go:354.16,357.3 1 1
github.com/hyperledger/fabric-ca/lib/serveridentities.go:360.16,362.3 1 0
github.com/hyperledger/fabric-ca/lib/serveridentities.go:365.16,367.3 1 0
github.com/hyperledger/fabric-ca/lib/serveridentities.go:373.97,377.16 3 1
github.com/hyperledger/fabric-ca/lib/serveridentities.go:381.2,381.20 1 1
github.com/hyperledger/fabric-ca/lib/serveridentities.go:385.2,387.16 3 1
github.com/hyperledger/fabric-ca/lib/serveridentities.go:391.2,395.16 4 1
github.com/hyperledger/fabric-ca/lib/serveridentities.go:399.2,403.27 4 1
github.com/hyperledger/fabric-ca/lib/serveridentities.go:414.2,414.20 1 1
github.com/hyperledger/fabric-ca/lib/serveridentities.go:418.2,418.30 1 1
github.com/hyperledger/fabric-ca/lib/serveridentities.go:422.2,423.16 2 1
github.com/hyperledger/fabric-ca/lib/serveridentities.go:427.2,428.16 2 1
github.com/hyperledger/fabric-ca/lib/serveridentities.go:432.2,433.16 2 1
github.com/hyperledger/fabric-ca/lib/serveridentities.go:437.2,438.16 2 1
github.com/hyperledger/fabric-ca/lib/serveridentities.go:442.2,443.18 2 1
github.com/hyperledger/fabric-ca/lib/serveridentities.go:377.16,379.3 1 0
github.com/hyperledger/fabric-ca/lib/serveridentities.go:381.20,383.3 1 0
github.com/hyperledger/fabric-ca/lib/serveridentities.go:387.16,389.3 1 1
github.com/hyperledger/fabric-ca/lib/serveridentities.go:395.16,397.3 1 0
github.com/hyperledger/fabric-ca/lib/serveridentities.go:403.27,405.20 2 1
github.com/hyperledger/fabric-ca/lib/serveridentities.go:411.3,411.18 1 1
github.com/hyperledger/fabric-ca/lib/serveridentities.go:405.20,407.18 2 1
github.com/hyperledger/fabric-ca/lib/serveridentities.go:407.18,409.5 1 0
github.com/hyperledger/fabric-ca/lib/serveridentities.go:414.20,416.3 1 1
github.com/hyperledger/fabric-ca/lib/serveridentities.go:418.30,420.3 1 1
github.com/hyperledger/fabric-ca/lib/serveridentities.go:423.16,425.3 1 1
github.com/hyperledger/fabric-ca/lib/serveridentities.go:428.16,430.3 1 0
github.com/hyperledger/fabric-ca/lib/serveridentities.go:433.16,435.3 1 0
github.com/hyperledger/fabric-ca/lib/serveridentities.go:438.16,440.3 1 0
github.com/hyperledger/fabric-ca/lib/serveridentities.go:448.88,453.22 4 1
github.com/hyperledger/fabric-ca/lib/serveridentities.go:460.2,460.30 1 1
github.com/hyperledger/fabric-ca/lib/serveridentities.go:466.2,467.28 2 1
github.com/hyperledger/fabric-ca/lib/serveridentities.go:475.2,475.20 1 1
github.com/hyperledger/fabric-ca/lib/serveridentities.go:481.2,481.24 1 1
github.com/hyperledger/fabric-ca/lib/serveridentities.go:485.2,485.33 1 1
github.com/hyperledger/fabric-ca/lib/serveridentities.go:453.22,456.3 2 1
github.com/hyperledger/fabric-ca/lib/serveridentities.go:456.3,458.3 1 1
github.com/hyperledger/fabric-ca/lib/serveridentities.go:460.30,462.3 1 1
github.com/hyperledger/fabric-ca/lib/serveridentities.go:462.3,462.36 1 1
github.com/hyperledger/fabric-ca/lib/serveridentities.go:462.36,464.3 1 1
github.com/hyperledger/fabric-ca/lib/serveridentities.go:467.28,470.3 2 1
github.com/hyperledger/fabric-ca/lib/serveridentities.go:470.3,470.34 1 1
github.com/hyperledger/fabric-ca/lib/serveridentities.go:470.34,473.3 2 1
github.com/hyperledger/fabric-ca/lib/serveridentities.go:475.20,478.3 2 1
github.com/hyperledger/fabric-ca/lib/serveridentities.go:481.24,483.3 1 1
github.com/hyperledger/fabric-ca/lib/serveridentities.go:493.85,495.16 2 1
github.com/hyperledger/fabric-ca/lib/serveridentities.go:498.2,506.8 1 1
github.com/hyperledger/fabric-ca/lib/serveridentities.go:495.16,497.3 1 0
github.com/hyperledger/fabric-ca/lib/serveridentities.go:510.78,512.31 2 1
github.com/hyperledger/fabric-ca/lib/serveridentities.go:538.2,538.20 1 1
github.com/hyperledger/fabric-ca/lib/serveridentities.go:512.31,515.30 3 1
github.com/hyperledger/fabric-ca/lib/serveridentities.go:533.3,533.33 1 1
github.com/hyperledger/fabric-ca/lib/serveridentities.go:515.30,516.40 1 1
github.com/hyperledger/fabric-ca/lib/serveridentities.go:516.40,517.25 1 1
github.com/hyperledger/fabric-ca/lib/serveridentities.go:529.5,530.10 2 1
github.com/hyperledger/fabric-ca/lib/serveridentities.go:517.25,519.33 2 1
github.com/hyperledger/fabric-ca/lib/serveridentities.go:519.33,521.7 1 1
github.com/hyperledger/fabric-ca/lib/serveridentities.go:521.7,523.7 1 1
github.com/hyperledger/fabric-ca/lib/serveridentities.go:524.6,528.6 3 1
github.com/hyperledger/fabric-ca/lib/serveridentities.go:533.33,536.4 2 1
github.com/hyperledger/fabric-ca/lib/serverinfo.go:35.51,41.2 1 1
github.com/hyperledger/fabric-ca/lib/serverinfo.go:44.68,46.16 2 1
github.com/hyperledger/fabric-ca/lib/serverinfo.go:49.2,51.16 3 1
github.com/hyperledger/fabric-ca/lib/serverinfo.go:54.2,55.18 2 1
github.com/hyperledger/fabric-ca/lib/serverinfo.go:46.16,48.3 1 0
github.com/hyperledger/fabric-ca/lib/serverinfo.go:51.16,53.3 1 0
github.com/hyperledger/fabric-ca/lib/serverrevoke.go:44.51,50.2 1 1
github.com/hyperledger/fabric-ca/lib/serverrevoke.go:53.68,57.16 3 1
github.com/hyperledger/fabric-ca/lib/serverrevoke.go:61.2,62.16 2 1
github.com/hyperledger/fabric-ca/lib/serverrevoke.go:66.2,67.16 2 1
github.com/hyperledger/fabric-ca/lib/serverrevoke.go:72.2,73.16 2 1
github.com/hyperledger/fabric-ca/lib/serverrevoke.go:77.2,85.39 7 1
github.com/hyperledger/fabric-ca/lib/serverrevoke.go:168.2,170.48 2 1
github.com/hyperledger/fabric-ca/lib/serverrevoke.go:178.2,178.20 1 1
github.com/hyperledger/fabric-ca/lib/serverrevoke.go:57.16,59.3 1 1
github.com/hyperledger/fabric-ca/lib/serverrevoke.go:62.16,64.3 1 1
github.com/hyperledger/fabric-ca/lib/serverrevoke.go:67.16,69.3 1 0
github.com/hyperledger/fabric-ca/lib/serverrevoke.go:73.16,75.3 1 1
github.com/hyperledger/fabric-ca/lib/serverrevoke.go:85.39,90.17 4 1
github.com/hyperledger/fabric-ca/lib/serverrevoke.go:95.3,95.44 1 1
github.com/hyperledger/fabric-ca/lib/serverrevoke.go:100.3,100.51 1 1
github.com/hyperledger/fabric-ca/lib/serverrevoke.go:105.3,106.17 2 1
github.com/hyperledger/fabric-ca/lib/serverrevoke.go:110.3,110.64 1 1
github.com/hyperledger/fabric-ca/lib/serverrevoke.go:117.3,118.17 2 1
github.com/hyperledger/fabric-ca/lib/serverrevoke.go:121.3,121.103 1 1
github.com/hyperledger/fabric-ca/lib/serverrevoke.go:90.17,93.4 1 1
github.com/hyperledger/fabric-ca/lib/serverrevoke.go:95.44,98.4 1 0
github.com/hyperledger/fabric-ca/lib/serverrevoke.go:100.51,103.4 1 1
github.com/hyperledger/fabric-ca/lib/serverrevoke.go:106.17,108.4 1 0
github.com/hyperledger/fabric-ca/lib/serverrevoke.go:110.64,112.18 2 1
github.com/hyperledger/fabric-ca/lib/serverrevoke.go:112.18,114.5 1 1
github.com/hyperledger/fabric-ca/lib/serverrevoke.go:118.17,120.4 1 0
github.com/hyperledger/fabric-ca/lib/serverrevoke.go:122.3,122.27 1 1
github.com/hyperledger/fabric-ca/lib/serverrevoke.go:122.27,125.17 2 1
github.com/hyperledger/fabric-ca/lib/serverrevoke.go:130.3,130.18 1 1
github.com/hyperledger/fabric-ca/lib/serverrevoke.go:149.3,151.17 3 1
github.com/hyperledger/fabric-ca/lib/serverrevoke.go:156.3,156.21 1 1
github.com/hyperledger/fabric-ca/lib/serverrevoke.go:125.17,127.4 1 0
github.com/hyperledger/fabric-ca/lib/serverrevoke.go:130.18,132.18 2 1
github.com/hyperledger/fabric-ca/lib/serverrevoke.go:136.4,136.42 1 1
github.com/hyperledger/fabric-ca/lib/serverrevoke.go:143.4,144.18 2 1
github.com/hyperledger/fabric-ca/lib/serverrevoke.go:132.18,134.5 1 0
github.com/hyperledger/fabric-ca/lib/serverrevoke.go:136.42,138.19 2 1
github.com/hyperledger/fabric-ca/lib/serverrevoke.go:138.19,140.6 1 0
github.com/hyperledger/fabric-ca/lib/serverrevoke.go:144.18,146.5 1 0
github.com/hyperledger/fabric-ca/lib/serverrevoke.go:151.17,154.4 1 0
github.com/hyperledger/fabric-ca/lib/serverrevoke.go:156.21,158.4 1 0
github.com/hyperledger/fabric-ca/lib/serverrevoke.go:158.4,160.33 2 1
github.com/hyperledger/fabric-ca/lib/serverrevoke.go:160.33,162.5 1 1
github.com/hyperledger/fabric-ca/lib/serverrevoke.go:164.3,166.3 1 0
github.com/hyperledger/fabric-ca/lib/serverrevoke.go:170.48,173.17 3 0
github.com/hyperledger/fabric-ca/lib/serverrevoke.go:176.3,176.35 1 0
github.com/hyperledger/fabric-ca/lib/serverrevoke.go:173.17,175.4 1 0
github.com/hyperledger/fabric-ca/lib/util.go:48.54,50.16 2 1
github.com/hyperledger/fabric-ca/lib/util.go:53.2,55.25 3 1
github.com/hyperledger/fabric-ca/lib/util.go:50.16,52.3 1 0
github.com/hyperledger/fabric-ca/lib/util.go:59.63,61.18 2 1
github.com/hyperledger/fabric-ca/lib/util.go:64.2,65.16 2 1
github.com/hyperledger/fabric-ca/lib/util.go:68.2,68.18 1 1
github.com/hyperledger/fabric-ca/lib/util.go:61.18,63.3 1 1
github.com/hyperledger/fabric-ca/lib/util.go:65.16,67.3 1 0
github.com/hyperledger/fabric-ca/lib/util.go:72.66,75.24 2 1
github.com/hyperledger/fabric-ca/lib/util.go:90.2,90.22 1 1
github.com/hyperledger/fabric-ca/lib/util.go:75.24,76.34 1 1
github.com/hyperledger/fabric-ca/lib/util.go:76.34,79.18 3 1
github.com/hyperledger/fabric-ca/lib/util.go:83.4,84.46 2 1
github.com/hyperledger/fabric-ca/lib/util.go:79.18,81.5 1 1
github.com/hyperledger/fabric-ca/lib/util.go:84.46,86.5 1 0
github.com/hyperledger/fabric-ca/lib/util.go:95.21,99.16 3 1
github.com/hyperledger/fabric-ca/lib/util.go:103.2,104.16 2 1
github.com/hyperledger/fabric-ca/lib/util.go:107.2,107.12 1 1
github.com/hyperledger/fabric-ca/lib/util.go:114.2,114.12 1 1
github.com/hyperledger/fabric-ca/lib/util.go:99.16,101.3 1 1
github.com/hyperledger/fabric-ca/lib/util.go:104.16,106.3 1 0
github.com/hyperledger/fabric-ca/lib/util.go:107.12,110.17 3 1
github.com/hyperledger/fabric-ca/lib/util.go:110.17,112.4 1 0
github.com/hyperledger/fabric-ca/lib/util.go:117.83,119.29 2 1
github.com/hyperledger/fabric-ca/lib/util.go:122.2,122.26 1 1
github.com/hyperledger/fabric-ca/lib/util.go:119.29,121.3 1 1
github.com/hyperledger/fabric-ca/lib/util.go:123.10,124.30 1 1
github.com/hyperledger/fabric-ca/lib/util.go:129.3,129.33 1 1
github.com/hyperledger/fabric-ca/lib/util.go:130.9,132.51 1 1
github.com/hyperledger/fabric-ca/lib/util.go:133.10,134.29 1 1
github.com/hyperledger/fabric-ca/lib/util.go:124.30,127.4 1 1
github.com/hyperledger/fabric-ca/lib/util.go:135.11,137.80 1 1
github.com/hyperledger/fabric-ca/lib/util.go:138.10,140.32 1 1
github.com/hyperledger/fabric-ca/lib/util.go:141.11,143.45 1 1
github.com/hyperledger/fabric-ca/lib/util.go:148.4,148.34 1 1
github.com/hyperledger/fabric-ca/lib/util.go:143.45,146.5 1 1
github.com/hyperledger/fabric-ca/lib/util.go:154.47,156.2 1 1
github.com/hyperledger/fabric-ca/lib/util.go:158.58,162.2 3 1
github.com/hyperledger/fabric-ca/lib/util.go:165.51,168.16 3 1
github.com/hyperledger/fabric-ca/lib/util.go:171.2,172.12 2 1
github.com/hyperledger/fabric-ca/lib/util.go:168.16,170.3 1 0
github.com/hyperledger/fabric-ca/lib/util.go:176.54,179.16 3 0
github.com/hyperledger/fabric-ca/lib/util.go:182.2,183.12 2 0
github.com/hyperledger/fabric-ca/lib/util.go:179.16,181.3 1 0
github.com/hyperledger/fabric-ca/lib/certdbaccessor.go:73.66,79.2 5 1
github.com/hyperledger/fabric-ca/lib/certdbaccessor.go:81.42,82.17 1 1
github.com/hyperledger/fabric-ca/lib/certdbaccessor.go:85.2,85.12 1 1
github.com/hyperledger/fabric-ca/lib/certdbaccessor.go:82.17,84.3 1 1
github.com/hyperledger/fabric-ca/lib/certdbaccessor.go:89.47,91.2 1 0
github.com/hyperledger/fabric-ca/lib/certdbaccessor.go:94.79,99.16 3 1
github.com/hyperledger/fabric-ca/lib/certdbaccessor.go:102.2,103.16 2 1
github.com/hyperledger/fabric-ca/lib/certdbaccessor.go:107.2,128.16 18 1
github.com/hyperledger/fabric-ca/lib/certdbaccessor.go:132.2,134.26 2 1
github.com/hyperledger/fabric-ca/lib/certdbaccessor.go:138.2,138.26 1 1
github.com/hyperledger/fabric-ca/lib/certdbaccessor.go:143.2,143.12 1 1
github.com/hyperledger/fabric-ca/lib/certdbaccessor.go:99.16,101.3 1 1
github.com/hyperledger/fabric-ca/lib/certdbaccessor.go:103.16,105.3 1 0
github.com/hyperledger/fabric-ca/lib/certdbaccessor.go:128.16,130.3 1 0
github.com/hyperledger/fabric-ca/lib/certdbaccessor.go:134.26,136.3 1 0
github.com/hyperledger/fabric-ca/lib/certdbaccessor.go:138.26,141.3 1 0
github.com/hyperledger/fabric-ca/lib/certdbaccessor.go:147.87,150.16 3 1
github.com/hyperledger/fabric-ca/lib/certdbaccessor.go:154.2,155.16 2 1
github.com/hyperledger/fabric-ca/lib/certdbaccessor.go:159.2,159.17 1 1
github.com/hyperledger/fabric-ca/lib/certdbaccessor.go:150.16,152.3 1 0
github.com/hyperledger/fabric-ca/lib/certdbaccessor.go:155.16,157.3 1 0
github.com/hyperledger/fabric-ca/lib/certdbaccessor.go:163.105,166.16 3 1
github.com/hyperledger/fabric-ca/lib/certdbaccessor.go:170.2,170.17 1 1
github.com/hyperledger/fabric-ca/lib/certdbaccessor.go:166.16,168.3 1 0
github.com/hyperledger/fabric-ca/lib/certdbaccessor.go:174.95,178.16 3 1
github.com/hyperledger/fabric-ca/lib/certdbaccessor.go:182.2,183.16 2 1
github.com/hyperledger/fabric-ca/lib/certdbaccessor.go:187.2,187.17 1 1
github.com/hyperledger/fabric-ca/lib/certdbaccessor.go:178.16,180.3 1 0
github.com/hyperledger/fabric-ca/lib/certdbaccessor.go:183.16,185.3 1 1
github.com/hyperledger/fabric-ca/lib/certdbaccessor.go:191.97,193.16 2 1
github.com/hyperledger/fabric-ca/lib/certdbaccessor.go:196.2,196.17 1 1
github.com/hyperledger/fabric-ca/lib/certdbaccessor.go:193.16,195.3 1 0
github.com/hyperledger/fabric-ca/lib/certdbaccessor.go:200.153,204.16 3 1
github.com/hyperledger/fabric-ca/lib/certdbaccessor.go:207.2,211.29 5 1
github.com/hyperledger/fabric-ca/lib/certdbaccessor.go:215.2,215.29 1 1
github.com/hyperledger/fabric-ca/lib/certdbaccessor.go:219.2,223.16 4 1
github.com/hyperledger/fabric-ca/lib/certdbaccessor.go:226.2,226.17 1 1
github.com/hyperledger/fabric-ca/lib/certdbaccessor.go:204.16,206.3 1 0
github.com/hyperledger/fabric-ca/lib/certdbaccessor.go:211.29,214.3 2 0
github.com/hyperledger/fabric-ca/lib/certdbaccessor.go:215.29,218.3 2 0
github.com/hyperledger/fabric-ca/lib/certdbaccessor.go:223.16,225.3 1 0
github.com/hyperledger/fabric-ca/lib/certdbaccessor.go:230.99,232.16 2 0
github.com/hyperledger/fabric-ca/lib/certdbaccessor.go:235.2,235.17 1 0
github.com/hyperledger/fabric-ca/lib/certdbaccessor.go:232.16,234.3 1 0
github.com/hyperledger/fabric-ca/lib/certdbaccessor.go:239.118,241.16 2 0
github.com/hyperledger/fabric-ca/lib/certdbaccessor.go:244.2,244.17 1 0
github.com/hyperledger/fabric-ca/lib/certdbaccessor.go:241.16,243.3 1 0
github.com/hyperledger/fabric-ca/lib/certdbaccessor.go:248.106,252.16 3 1
github.com/hyperledger/fabric-ca/lib/certdbaccessor.go:256.2,261.16 5 1
github.com/hyperledger/fabric-ca/lib/certdbaccessor.go:265.2,266.16 2 1
github.com/hyperledger/fabric-ca/lib/certdbaccessor.go:270.2,270.17 1 1
github.com/hyperledger/fabric-ca/lib/certdbaccessor.go:252.16,254.3 1 1
github.com/hyperledger/fabric-ca/lib/certdbaccessor.go:261.16,263.3 1 0
github.com/hyperledger/fabric-ca/lib/certdbaccessor.go:266.16,268.3 1 0
github.com/hyperledger/fabric-ca/lib/certdbaccessor.go:274.86,279.2 3 1
github.com/hyperledger/fabric-ca/lib/certdbaccessor.go:282.65,284.2 1 0
github.com/hyperledger/fabric-ca/lib/certdbaccessor.go:287.91,289.2 1 0
github.com/hyperledger/fabric-ca/lib/certdbaccessor.go:292.83,294.2 1 0
github.com/hyperledger/fabric-ca/lib/certdbaccessor.go:297.87,299.2 1 0
github.com/hyperledger/fabric-ca/lib/certdbaccessor.go:303.87,305.2 1 0
github.com/hyperledger/fabric-ca/lib/identity.go:33.85,38.19 5 1
github.com/hyperledger/fabric-ca/lib/identity.go:43.2,43.11 1 1
github.com/hyperledger/fabric-ca/lib/identity.go:38.19,40.3 1 1
github.com/hyperledger/fabric-ca/lib/identity.go:40.3,42.3 1 1
github.com/hyperledger/fabric-ca/lib/identity.go:55.37,57.2 1 1
github.com/hyperledger/fabric-ca/lib/identity.go:60.40,62.2 1 1
github.com/hyperledger/fabric-ca/lib/identity.go:65.39,67.2 1 1
github.com/hyperledger/fabric-ca/lib/identity.go:70.84,72.16 2 1
github.com/hyperledger/fabric-ca/lib/identity.go:75.2,76.16 2 1
github.com/hyperledger/fabric-ca/lib/identity.go:82.2,82.17 1 1
github.com/hyperledger/fabric-ca/lib/identity.go:72.16,74.3 1 0
github.com/hyperledger/fabric-ca/lib/identity.go:76.16,78.3 1 1
github.com/hyperledger/fabric-ca/lib/identity.go:87.101,89.20 2 1
github.com/hyperledger/fabric-ca/lib/identity.go:93.2,94.16 2 1
github.com/hyperledger/fabric-ca/lib/identity.go:99.2,101.16 3 1
github.com/hyperledger/fabric-ca/lib/identity.go:105.2,106.18 2 1
github.com/hyperledger/fabric-ca/lib/identity.go:89.20,91.3 1 1
github.com/hyperledger/fabric-ca/lib/identity.go:94.16,96.3 1 0
github.com/hyperledger/fabric-ca/lib/identity.go:101.16,103.3 1 1
github.com/hyperledger/fabric-ca/lib/identity.go:110.87,111.21 1 1
github.com/hyperledger/fabric-ca/lib/identity.go:114.2,115.16 2 1
github.com/hyperledger/fabric-ca/lib/identity.go:118.2,122.16 2 1
github.com/hyperledger/fabric-ca/lib/identity.go:125.2,125.28 1 1
github.com/hyperledger/fabric-ca/lib/identity.go:111.21,113.3 1 0
github.com/hyperledger/fabric-ca/lib/identity.go:115.16,117.3 1 1
github.com/hyperledger/fabric-ca/lib/identity.go:122.16,124.3 1 0
github.com/hyperledger/fabric-ca/lib/identity.go:130.88,134.16 3 1
github.com/hyperledger/fabric-ca/lib/identity.go:138.2,144.20 2 1
github.com/hyperledger/fabric-ca/lib/identity.go:147.2,152.16 5 1
github.com/hyperledger/fabric-ca/lib/identity.go:155.2,157.16 3 1
github.com/hyperledger/fabric-ca/lib/identity.go:160.2,160.66 1 1
github.com/hyperledger/fabric-ca/lib/identity.go:134.16,136.3 1 0
github.com/hyperledger/fabric-ca/lib/identity.go:144.20,146.3 1 0
github.com/hyperledger/fabric-ca/lib/identity.go:152.16,154.3 1 0
github.com/hyperledger/fabric-ca/lib/identity.go:157.16,159.3 1 1
github.com/hyperledger/fabric-ca/lib/identity.go:164.88,167.16 3 1
github.com/hyperledger/fabric-ca/lib/identity.go:170.2,172.16 3 1
github.com/hyperledger/fabric-ca/lib/identity.go:175.2,177.16 3 1
github.com/hyperledger/fabric-ca/lib/identity.go:180.2,180.82 1 1
github.com/hyperledger/fabric-ca/lib/identity.go:167.16,169.3 1 0
github.com/hyperledger/fabric-ca/lib/identity.go:172.16,174.3 1 1
github.com/hyperledger/fabric-ca/lib/identity.go:177.16,179.3 1 0
github.com/hyperledger/fabric-ca/lib/identity.go:184.66,191.2 4 1
github.com/hyperledger/fabric-ca/lib/identity.go:194.80,197.16 3 1
github.com/hyperledger/fabric-ca/lib/identity.go:200.2,202.16 3 1
github.com/hyperledger/fabric-ca/lib/identity.go:205.2,207.16 3 1
github.com/hyperledger/fabric-ca/lib/identity.go:210.2,210.43 1 1
github.com/hyperledger/fabric-ca/lib/identity.go:197.16,199.3 1 0
github.com/hyperledger/fabric-ca/lib/identity.go:202.16,204.3 1 1
github.com/hyperledger/fabric-ca/lib/identity.go:207.16,209.3 1 0
github.com/hyperledger/fabric-ca/lib/identity.go:214.79,218.16 4 1
github.com/hyperledger/fabric-ca/lib/identity.go:222.2,223.20 2 1
github.com/hyperledger/fabric-ca/lib/identity.go:218.16,220.3 1 1
github.com/hyperledger/fabric-ca/lib/identity.go:227.88,230.16 3 1
github.com/hyperledger/fabric-ca/lib/identity.go:233.2,234.12 2 1
github.com/hyperledger/fabric-ca/lib/identity.go:230.16,232.3 1 1
github.com/hyperledger/fabric-ca/lib/identity.go:238.92,240.18 2 1
github.com/hyperledger/fabric-ca/lib/identity.go:244.2,245.16 2 1
github.com/hyperledger/fabric-ca/lib/identity.go:250.2,252.16 3 1
github.com/hyperledger/fabric-ca/lib/identity.go:256.2,257.20 2 1
github.com/hyperledger/fabric-ca/lib/identity.go:240.18,242.3 1 1
github.com/hyperledger/fabric-ca/lib/identity.go:245.16,247.3 1 0
github.com/hyperledger/fabric-ca/lib/identity.go:252.16,254.3 1 1
github.com/hyperledger/fabric-ca/lib/identity.go:261.98,263.18 2 1
github.com/hyperledger/fabric-ca/lib/identity.go:267.2,268.16 2 1
github.com/hyperledger/fabric-ca/lib/identity.go:273.2,275.16 3 1
github.com/hyperledger/fabric-ca/lib/identity.go:279.2,280.20 2 1
github.com/hyperledger/fabric-ca/lib/identity.go:263.18,265.3 1 1
github.com/hyperledger/fabric-ca/lib/identity.go:268.16,270.3 1 0
github.com/hyperledger/fabric-ca/lib/identity.go:275.16,277.3 1 1
github.com/hyperledger/fabric-ca/lib/identity.go:284.98,287.14 3 1
github.com/hyperledger/fabric-ca/lib/identity.go:292.2,297.16 6 1
github.com/hyperledger/fabric-ca/lib/identity.go:301.2,302.20 2 1
github.com/hyperledger/fabric-ca/lib/identity.go:287.14,289.3 1 1
github.com/hyperledger/fabric-ca/lib/identity.go:297.16,299.3 1 1
github.com/hyperledger/fabric-ca/lib/identity.go:306.97,310.16 4 1
github.com/hyperledger/fabric-ca/lib/identity.go:313.2,314.20 2 1
github.com/hyperledger/fabric-ca/lib/identity.go:310.16,312.3 1 1
github.com/hyperledger/fabric-ca/lib/identity.go:318.88,322.16 4 1
github.com/hyperledger/fabric-ca/lib/identity.go:325.2,326.20 2 1
github.com/hyperledger/fabric-ca/lib/identity.go:322.16,324.3 1 1
github.com/hyperledger/fabric-ca/lib/identity.go:330.101,332.20 2 1
github.com/hyperledger/fabric-ca/lib/identity.go:336.2,337.16 2 1
github.com/hyperledger/fabric-ca/lib/identity.go:342.2,346.16 5 1
github.com/hyperledger/fabric-ca/lib/identity.go:350.2,351.20 2 1
github.com/hyperledger/fabric-ca/lib/identity.go:332.20,334.3 1 0
github.com/hyperledger/fabric-ca/lib/identity.go:337.16,339.3 1 0
github.com/hyperledger/fabric-ca/lib/identity.go:346.16,348.3 1 1
github.com/hyperledger/fabric-ca/lib/identity.go:355.107,358.21 3 1
github.com/hyperledger/fabric-ca/lib/identity.go:362.2,362.23 1 1
github.com/hyperledger/fabric-ca/lib/identity.go:366.2,367.16 2 1
github.com/hyperledger/fabric-ca/lib/identity.go:372.2,376.16 5 1
github.com/hyperledger/fabric-ca/lib/identity.go:380.2,381.20 2 1
github.com/hyperledger/fabric-ca/lib/identity.go:358.21,360.3 1 0
github.com/hyperledger/fabric-ca/lib/identity.go:362.23,364.3 1 0
github.com/hyperledger/fabric-ca/lib/identity.go:367.16,369.3 1 0
github.com/hyperledger/fabric-ca/lib/identity.go:376.16,378.3 1 1
github.com/hyperledger/fabric-ca/lib/identity.go:385.107,388.21 3 1
github.com/hyperledger/fabric-ca/lib/identity.go:393.2,398.16 6 1
github.com/hyperledger/fabric-ca/lib/identity.go:402.2,403.20 2 1
github.com/hyperledger/fabric-ca/lib/identity.go:388.21,390.3 1 0
github.com/hyperledger/fabric-ca/lib/identity.go:398.16,400.3 1 1
github.com/hyperledger/fabric-ca/lib/identity.go:407.34,408.21 1 1
github.com/hyperledger/fabric-ca/lib/identity.go:411.2,411.47 1 1
github.com/hyperledger/fabric-ca/lib/identity.go:408.21,410.3 1 1
github.com/hyperledger/fabric-ca/lib/identity.go:415.75,417.16 2 1
github.com/hyperledger/fabric-ca/lib/identity.go:420.2,420.18 1 1
github.com/hyperledger/fabric-ca/lib/identity.go:423.2,424.16 2 1
github.com/hyperledger/fabric-ca/lib/identity.go:427.2,427.38 1 1
github.com/hyperledger/fabric-ca/lib/identity.go:417.16,419.3 1 0
github.com/hyperledger/fabric-ca/lib/identity.go:420.18,422.3 1 0
github.com/hyperledger/fabric-ca/lib/identity.go:424.16,426.3 1 0
github.com/hyperledger/fabric-ca/lib/identity.go:431.107,433.16 2 1
github.com/hyperledger/fabric-ca/lib/identity.go:436.2,436.18 1 1
github.com/hyperledger/fabric-ca/lib/identity.go:439.2,440.16 2 1
github.com/hyperledger/fabric-ca/lib/identity.go:443.2,443.49 1 1
github.com/hyperledger/fabric-ca/lib/identity.go:433.16,435.3 1 0
github.com/hyperledger/fabric-ca/lib/identity.go:436.18,438.3 1 0
github.com/hyperledger/fabric-ca/lib/identity.go:440.16,442.3 1 0
github.com/hyperledger/fabric-ca/lib/identity.go:447.113,449.16 2 1
github.com/hyperledger/fabric-ca/lib/identity.go:452.2,452.23 1 1
github.com/hyperledger/fabric-ca/lib/identity.go:457.2,458.16 2 1
github.com/hyperledger/fabric-ca/lib/identity.go:461.2,461.38 1 1
github.com/hyperledger/fabric-ca/lib/identity.go:449.16,451.3 1 0
github.com/hyperledger/fabric-ca/lib/identity.go:452.23,453.38 1 1
github.com/hyperledger/fabric-ca/lib/identity.go:453.38,455.4 1 1
github.com/hyperledger/fabric-ca/lib/identity.go:458.16,460.3 1 0
github.com/hyperledger/fabric-ca/lib/identity.go:465.100,467.16 2 1
github.com/hyperledger/fabric-ca/lib/identity.go:470.2,470.23 1 1
github.com/hyperledger/fabric-ca/lib/identity.go:475.2,476.16 2 1
github.com/hyperledger/fabric-ca/lib/identity.go:479.2,479.38 1 1
github.com/hyperledger/fabric-ca/lib/identity.go:467.16,469.3 1 0
github.com/hyperledger/fabric-ca/lib/identity.go:470.23,471.38 1 1
github.com/hyperledger/fabric-ca/lib/identity.go:471.38,473.4 1 1
github.com/hyperledger/fabric-ca/lib/identity.go:476.16,478.3 1 0
github.com/hyperledger/fabric-ca/lib/identity.go:486.114,488.16 2 1
github.com/hyperledger/fabric-ca/lib/identity.go:491.2,491.23 1 1
github.com/hyperledger/fabric-ca/lib/identity.go:496.2,497.16 2 1
github.com/hyperledger/fabric-ca/lib/identity.go:500.2,500.38 1 1
github.com/hyperledger/fabric-ca/lib/identity.go:488.16,490.3 1 0
github.com/hyperledger/fabric-ca/lib/identity.go:491.23,492.38 1 1
github.com/hyperledger/fabric-ca/lib/identity.go:492.38,494.4 1 1
github.com/hyperledger/fabric-ca/lib/identity.go:497.16,499.3 1 0
github.com/hyperledger/fabric-ca/lib/identity.go:503.74,508.16 5 1
github.com/hyperledger/fabric-ca/lib/identity.go:511.2,512.12 2 1
github.com/hyperledger/fabric-ca/lib/identity.go:508.16,510.3 1 0
github.com/hyperledger/fabric-ca/lib/serverregister.go:34.53,41.2 1 1
github.com/hyperledger/fabric-ca/lib/serverregister.go:44.70,48.16 3 1
github.com/hyperledger/fabric-ca/lib/serverregister.go:52.2,54.16 3 1
github.com/hyperledger/fabric-ca/lib/serverregister.go:58.2,59.16 2 1
github.com/hyperledger/fabric-ca/lib/serverregister.go:63.2,64.16 2 1
github.com/hyperledger/fabric-ca/lib/serverregister.go:68.2,71.18 2 1
github.com/hyperledger/fabric-ca/lib/serverregister.go:48.16,50.3 1 1
github.com/hyperledger/fabric-ca/lib/serverregister.go:54.16,56.3 1 1
github.com/hyperledger/fabric-ca/lib/serverregister.go:59.16,61.3 1 0
github.com/hyperledger/fabric-ca/lib/serverregister.go:64.16,66.3 1 1
github.com/hyperledger/fabric-ca/lib/serverregister.go:75.118,80.16 4 1
github.com/hyperledger/fabric-ca/lib/serverregister.go:84.2,88.16 3 1
github.com/hyperledger/fabric-ca/lib/serverregister.go:93.2,95.16 2 1
github.com/hyperledger/fabric-ca/lib/serverregister.go:99.2,100.20 2 1
github.com/hyperledger/fabric-ca/lib/serverregister.go:80.16,82.3 1 0
github.com/hyperledger/fabric-ca/lib/serverregister.go:88.16,91.3 2 1
github.com/hyperledger/fabric-ca/lib/serverregister.go:95.16,97.3 1 1
github.com/hyperledger/fabric-ca/lib/serverregister.go:103.85,104.27 1 1
github.com/hyperledger/fabric-ca/lib/serverregister.go:113.2,113.20 1 1
github.com/hyperledger/fabric-ca/lib/serverregister.go:104.27,108.3 3 1
github.com/hyperledger/fabric-ca/lib/serverregister.go:108.3,108.35 1 1
github.com/hyperledger/fabric-ca/lib/serverregister.go:108.35,111.3 1 1
github.com/hyperledger/fabric-ca/lib/serverregister.go:113.20,115.3 1 1
github.com/hyperledger/fabric-ca/lib/serverregister.go:118.89,121.16 3 1
github.com/hyperledger/fabric-ca/lib/serverregister.go:124.2,124.12 1 1
github.com/hyperledger/fabric-ca/lib/serverregister.go:121.16,123.3 1 1
github.com/hyperledger/fabric-ca/lib/serverregister.go:127.61,130.16 3 1
github.com/hyperledger/fabric-ca/lib/serverregister.go:133.2,133.12 1 1
github.com/hyperledger/fabric-ca/lib/serverregister.go:130.16,132.3 1 0
github.com/hyperledger/fabric-ca/lib/serverregister.go:137.75,141.22 3 1
github.com/hyperledger/fabric-ca/lib/serverregister.go:145.2,146.16 2 1
github.com/hyperledger/fabric-ca/lib/serverregister.go:152.2,169.16 7 1
github.com/hyperledger/fabric-ca/lib/serverregister.go:173.2,174.16 2 1
github.com/hyperledger/fabric-ca/lib/serverregister.go:178.2,178.24 1 1
github.com/hyperledger/fabric-ca/lib/serverregister.go:141.22,143.3 1 1
github.com/hyperledger/fabric-ca/lib/serverregister.go:146.16,148.3 1 1
github.com/hyperledger/fabric-ca/lib/serverregister.go:169.16,171.3 1 1
github.com/hyperledger/fabric-ca/lib/serverregister.go:174.16,176.3 1 0
github.com/hyperledger/fabric-ca/lib/serverregister.go:181.59,185.23 2 1
github.com/hyperledger/fabric-ca/lib/serverregister.go:189.2,190.16 2 1
github.com/hyperledger/fabric-ca/lib/serverregister.go:194.2,194.12 1 1
github.com/hyperledger/fabric-ca/lib/serverregister.go:185.23,187.3 1 1
github.com/hyperledger/fabric-ca/lib/serverregister.go:190.16,192.3 1 0
github.com/hyperledger/fabric-ca/lib/serverregister.go:197.101,202.16 4 1
github.com/hyperledger/fabric-ca/lib/serverregister.go:205.2,205.18 1 1
github.com/hyperledger/fabric-ca/lib/serverregister.go:208.2,208.20 1 1
github.com/hyperledger/fabric-ca/lib/serverregister.go:213.2,213.20 1 1
github.com/hyperledger/fabric-ca/lib/serverregister.go:216.2,216.41 1 1
github.com/hyperledger/fabric-ca/lib/serverregister.go:221.2,222.16 2 1
github.com/hyperledger/fabric-ca/lib/serverregister.go:226.2,227.16 2 1
github.com/hyperledger/fabric-ca/lib/serverregister.go:231.2,232.16 2 1
github.com/hyperledger/fabric-ca/lib/serverregister.go:236.2,236.12 1 1
github.com/hyperledger/fabric-ca/lib/serverregister.go:202.16,204.3 1 1
github.com/hyperledger/fabric-ca/lib/serverregister.go:205.18,207.3 1 0
github.com/hyperledger/fabric-ca/lib/serverregister.go:208.20,210.3 1 1
github.com/hyperledger/fabric-ca/lib/serverregister.go:210.3,212.3 1 0
github.com/hyperledger/fabric-ca/lib/serverregister.go:213.20,215.3 1 0
github.com/hyperledger/fabric-ca/lib/serverregister.go:216.41,218.3 1 0
github.com/hyperledger/fabric-ca/lib/serverregister.go:222.16,224.3 1 1
github.com/hyperledger/fabric-ca/lib/serverregister.go:227.16,229.3 1 0
github.com/hyperledger/fabric-ca/lib/serverregister.go:232.16,234.3 1 1
github.com/hyperledger/fabric-ca/lib/serverregister.go:240.77,242.2 1 1
github.com/hyperledger/fabric-ca/lib/serverrequestcontext.go:65.112,71.2 1 1
github.com/hyperledger/fabric-ca/lib/serverrequestcontext.go:75.72,79.19 3 1
github.com/hyperledger/fabric-ca/lib/serverrequestcontext.go:83.2,84.9 2 1
github.com/hyperledger/fabric-ca/lib/serverrequestcontext.go:88.2,89.16 2 1
github.com/hyperledger/fabric-ca/lib/serverrequestcontext.go:93.2,95.27 3 1
github.com/hyperledger/fabric-ca/lib/serverrequestcontext.go:99.2,100.16 2 1
github.com/hyperledger/fabric-ca/lib/serverrequestcontext.go:104.2,105.16 2 1
github.com/hyperledger/fabric-ca/lib/serverrequestcontext.go:109.2,111.22 2 1
github.com/hyperledger/fabric-ca/lib/serverrequestcontext.go:79.19,81.3 1 1
github.com/hyperledger/fabric-ca/lib/serverrequestcontext.go:84.9,86.3 1 1
github.com/hyperledger/fabric-ca/lib/serverrequestcontext.go:89.16,91.3 1 1
github.com/hyperledger/fabric-ca/lib/serverrequestcontext.go:95.27,97.3 1 1
github.com/hyperledger/fabric-ca/lib/serverrequestcontext.go:100.16,102.3 1 1
github.com/hyperledger/fabric-ca/lib/serverrequestcontext.go:105.16,107.3 1 1
github.com/hyperledger/fabric-ca/lib/serverrequestcontext.go:117.72,121.19 3 1
github.com/hyperledger/fabric-ca/lib/serverrequestcontext.go:125.2,126.16 2 1
github.com/hyperledger/fabric-ca/lib/serverrequestcontext.go:130.2,131.16 2 1
github.com/hyperledger/fabric-ca/lib/serverrequestcontext.go:135.2,136.17 2 1
github.com/hyperledger/fabric-ca/lib/serverrequestcontext.go:140.2,141.17 2 1
github.com/hyperledger/fabric-ca/lib/serverrequestcontext.go:144.2,149.14 4 1
github.com/hyperledger/fabric-ca/lib/serverrequestcontext.go:152.2,152.13 1 1
github.com/hyperledger/fabric-ca/lib/serverrequestcontext.go:156.2,161.16 6 1
github.com/hyperledger/fabric-ca/lib/serverrequestcontext.go:164.2,164.21 1 1
github.com/hyperledger/fabric-ca/lib/serverrequestcontext.go:167.2,167.36 1 1
github.com/hyperledger/fabric-ca/lib/serverrequestcontext.go:172.2,175.16 4 1
github.com/hyperledger/fabric-ca/lib/serverrequestcontext.go:121.19,123.3 1 0
github.com/hyperledger/fabric-ca/lib/serverrequestcontext.go:126.16,128.3 1 0
github.com/hyperledger/fabric-ca/lib/serverrequestcontext.go:131.16,133.3 1 0
github.com/hyperledger/fabric-ca/lib/serverrequestcontext.go:136.17,138.3 1 0
github.com/hyperledger/fabric-ca/lib/serverrequestcontext.go:141.17,143.3 1 1
github.com/hyperledger/fabric-ca/lib/serverrequestcontext.go:149.14,151.3 1 0
github.com/hyperledger/fabric-ca/lib/serverrequestcontext.go:152.13,155.3 1 0
github.com/hyperledger/fabric-ca/lib/serverrequestcontext.go:161.16,163.3 1 0
github.com/hyperledger/fabric-ca/lib/serverrequestcontext.go:164.21,166.3 1 0
github.com/hyperledger/fabric-ca/lib/serverrequestcontext.go:167.36,168.38 1 1
github.com/hyperledger/fabric-ca/lib/serverrequestcontext.go:168.38,170.4 1 1
github.com/hyperledger/fabric-ca/lib/serverrequestcontext.go:180.63,182.2 1 1
github.com/hyperledger/fabric-ca/lib/serverrequestcontext.go:185.55,187.16 2 1
github.com/hyperledger/fabric-ca/lib/serverrequestcontext.go:190.2,190.27 1 1
github.com/hyperledger/fabric-ca/lib/serverrequestcontext.go:196.2,196.20 1 1
github.com/hyperledger/fabric-ca/lib/serverrequestcontext.go:187.16,189.3 1 1
github.com/hyperledger/fabric-ca/lib/serverrequestcontext.go:190.27,192.17 2 0
github.com/hyperledger/fabric-ca/lib/serverrequestcontext.go:192.17,194.4 1 0
github.com/hyperledger/fabric-ca/lib/serverrequestcontext.go:200.55,201.19 1 1
github.com/hyperledger/fabric-ca/lib/serverrequestcontext.go:213.2,213.20 1 1
github.com/hyperledger/fabric-ca/lib/serverrequestcontext.go:201.19,204.17 2 1
github.com/hyperledger/fabric-ca/lib/serverrequestcontext.go:208.3,209.17 2 1
github.com/hyperledger/fabric-ca/lib/serverrequestcontext.go:204.17,206.4 1 0
github.com/hyperledger/fabric-ca/lib/serverrequestcontext.go:209.17,211.4 1 1
github.com/hyperledger/fabric-ca/lib/serverrequestcontext.go:217.128,219.16 2 1
github.com/hyperledger/fabric-ca/lib/serverrequestcontext.go:222.2,223.16 2 1
github.com/hyperledger/fabric-ca/lib/serverrequestcontext.go:226.2,227.21 2 1
github.com/hyperledger/fabric-ca/lib/serverrequestcontext.go:234.2,238.16 2 1
github.com/hyperledger/fabric-ca/lib/serverrequestcontext.go:241.2,241.18 1 1
github.com/hyperledger/fabric-ca/lib/serverrequestcontext.go:254.2,254.17 1 0
github.com/hyperledger/fabric-ca/lib/serverrequestcontext.go:219.16,221.3 1 0
github.com/hyperledger/fabric-ca/lib/serverrequestcontext.go:223.16,225.3 1 0
github.com/hyperledger/fabric-ca/lib/serverrequestcontext.go:227.21,229.22 2 1
github.com/hyperledger/fabric-ca/lib/serverrequestcontext.go:229.22,232.4 1 1
github.com/hyperledger/fabric-ca/lib/serverrequestcontext.go:238.16,240.3 1 0
github.com/hyperledger/fabric-ca/lib/serverrequestcontext.go:241.18,243.17 2 1
github.com/hyperledger/fabric-ca/lib/serverrequestcontext.go:246.3,252.18 3 1
github.com/hyperledger/fabric-ca/lib/serverrequestcontext.go:243.17,245.4 1 0
github.com/hyperledger/fabric-ca/lib/serverrequestcontext.go:263.62,266.14 2 1
github.com/hyperledger/fabric-ca/lib/serverrequestcontext.go:270.2,272.16 3 1
github.com/hyperledger/fabric-ca/lib/serverrequestcontext.go:275.2,275.23 1 1
github.com/hyperledger/fabric-ca/lib/serverrequestcontext.go:279.2,279.51 1 1
github.com/hyperledger/fabric-ca/lib/serverrequestcontext.go:266.14,268.3 1 1
github.com/hyperledger/fabric-ca/lib/serverrequestcontext.go:272.16,274.3 1 0
github.com/hyperledger/fabric-ca/lib/serverrequestcontext.go:275.23,277.3 1 1
github.com/hyperledger/fabric-ca/lib/serverrequestcontext.go:283.67,285.16 2 1
github.com/hyperledger/fabric-ca/lib/serverrequestcontext.go:288.2,288.11 1 1
github.com/hyperledger/fabric-ca/lib/serverrequestcontext.go:291.2,291.12 1 1
github.com/hyperledger/fabric-ca/lib/serverrequestcontext.go:285.16,287.3 1 0
github.com/hyperledger/fabric-ca/lib/serverrequestcontext.go:288.11,290.3 1 1
github.com/hyperledger/fabric-ca/lib/serverrequestcontext.go:295.78,297.16 2 1
github.com/hyperledger/fabric-ca/lib/serverrequestcontext.go:300.2,301.12 2 1
github.com/hyperledger/fabric-ca/lib/serverrequestcontext.go:308.2,308.19 1 1
github.com/hyperledger/fabric-ca/lib/serverrequestcontext.go:297.16,299.3 1 0
github.com/hyperledger/fabric-ca/lib/serverrequestcontext.go:301.12,303.17 2 1
github.com/hyperledger/fabric-ca/lib/serverrequestcontext.go:303.17,306.4 1 0
github.com/hyperledger/fabric-ca/lib/serverrequestcontext.go:312.66,313.20 1 1
github.com/hyperledger/fabric-ca/lib/serverrequestcontext.go:320.2,321.16 2 1
github.com/hyperledger/fabric-ca/lib/serverrequestcontext.go:324.2,324.26 1 1
github.com/hyperledger/fabric-ca/lib/serverrequestcontext.go:313.20,319.3 5 1
github.com/hyperledger/fabric-ca/lib/serverrequestcontext.go:321.16,323.3 1 0
github.com/hyperledger/fabric-ca/lib/serverrequestcontext.go:327.77,329.16 2 1
github.com/hyperledger/fabric-ca/lib/serverrequestcontext.go:332.2,335.16 3 1
github.com/hyperledger/fabric-ca/lib/serverrequestcontext.go:339.2,340.16 2 1
github.com/hyperledger/fabric-ca/lib/serverrequestcontext.go:344.2,344.18 1 1
github.com/hyperledger/fabric-ca/lib/serverrequestcontext.go:329.16,331.3 1 0
github.com/hyperledger/fabric-ca/lib/serverrequestcontext.go:335.16,337.3 1 0
github.com/hyperledger/fabric-ca/lib/serverrequestcontext.go:340.16,342.3 1 1
github.com/hyperledger/fabric-ca/lib/serverrequestcontext.go:348.69,351.16 3 1
github.com/hyperledger/fabric-ca/lib/serverrequestcontext.go:355.2,357.16 3 1
github.com/hyperledger/fabric-ca/lib/serverrequestcontext.go:361.2,361.12 1 1
github.com/hyperledger/fabric-ca/lib/serverrequestcontext.go:351.16,353.3 1 1
github.com/hyperledger/fabric-ca/lib/serverrequestcontext.go:357.16,359.3 1 1
github.com/hyperledger/fabric-ca/lib/serverrequestcontext.go:365.157,366.14 1 1
github.com/hyperledger/fabric-ca/lib/serverrequestcontext.go:375.2,375.15 1 1
github.com/hyperledger/fabric-ca/lib/serverrequestcontext.go:384.2,384.16 1 1
github.com/hyperledger/fabric-ca/lib/serverrequestcontext.go:393.2,393.12 1 1
github.com/hyperledger/fabric-ca/lib/serverrequestcontext.go:366.14,370.17 4 1
github.com/hyperledger/fabric-ca/lib/serverrequestcontext.go:370.17,372.4 1 1
github.com/hyperledger/fabric-ca/lib/serverrequestcontext.go:375.15,379.17 4 1
github.com/hyperledger/fabric-ca/lib/serverrequestcontext.go:379.17,381.4 1 1
github.com/hyperledger/fabric-ca/lib/serverrequestcontext.go:384.16,388.17 4 1
github.com/hyperledger/fabric-ca/lib/serverrequestcontext.go:388.17,390.4 1 1
github.com/hyperledger/fabric-ca/lib/serverrequestcontext.go:397.64,398.23 1 1
github.com/hyperledger/fabric-ca/lib/serverrequestcontext.go:402.2,404.14 3 1
github.com/hyperledger/fabric-ca/lib/serverrequestcontext.go:407.2,408.16 2 1
github.com/hyperledger/fabric-ca/lib/serverrequestcontext.go:412.2,413.16 2 1
github.com/hyperledger/fabric-ca/lib/serverrequestcontext.go:416.2,416.24 1 1
github.com/hyperledger/fabric-ca/lib/serverrequestcontext.go:398.23,400.3 1 1
github.com/hyperledger/fabric-ca/lib/serverrequestcontext.go:404.14,406.3 1 0
github.com/hyperledger/fabric-ca/lib/serverrequestcontext.go:408.16,410.3 1 0
github.com/hyperledger/fabric-ca/lib/serverrequestcontext.go:413.16,415.3 1 0
github.com/hyperledger/fabric-ca/lib/serverrequestcontext.go:420.80,422.16 2 1
github.com/hyperledger/fabric-ca/lib/serverrequestcontext.go:425.2,425.23 1 1
github.com/hyperledger/fabric-ca/lib/serverrequestcontext.go:428.2,428.12 1 1
github.com/hyperledger/fabric-ca/lib/serverrequestcontext.go:422.16,424.3 1 0
github.com/hyperledger/fabric-ca/lib/serverrequestcontext.go:425.23,427.3 1 1
github.com/hyperledger/fabric-ca/lib/serverrequestcontext.go:432.88,434.16 2 1
github.com/hyperledger/fabric-ca/lib/serverrequestcontext.go:438.2,442.33 3 1
github.com/hyperledger/fabric-ca/lib/serverrequestcontext.go:447.2,447.42 1 1
github.com/hyperledger/fabric-ca/lib/serverrequestcontext.go:451.2,452.59 2 1
github.com/hyperledger/fabric-ca/lib/serverrequestcontext.go:456.2,456.19 1 1
github.com/hyperledger/fabric-ca/lib/serverrequestcontext.go:434.16,436.3 1 0
github.com/hyperledger/fabric-ca/lib/serverrequestcontext.go:442.33,445.3 2 1
github.com/hyperledger/fabric-ca/lib/serverrequestcontext.go:447.42,449.3 1 1
github.com/hyperledger/fabric-ca/lib/serverrequestcontext.go:452.59,454.3 1 1
github.com/hyperledger/fabric-ca/lib/serverrequestcontext.go:460.54,462.16 2 0
github.com/hyperledger/fabric-ca/lib/serverrequestcontext.go:465.2,465.18 1 0
github.com/hyperledger/fabric-ca/lib/serverrequestcontext.go:469.2,469.12 1 0
github.com/hyperledger/fabric-ca/lib/serverrequestcontext.go:462.16,464.3 1 0
github.com/hyperledger/fabric-ca/lib/serverrequestcontext.go:465.18,467.3 1 0
github.com/hyperledger/fabric-ca/lib/serverrequestcontext.go:473.70,475.16 2 1
github.com/hyperledger/fabric-ca/lib/serverrequestcontext.go:479.2,482.16 3 1
github.com/hyperledger/fabric-ca/lib/serverrequestcontext.go:487.2,487.26 1 1
github.com/hyperledger/fabric-ca/lib/serverrequestcontext.go:491.2,491.23 1 0
github.com/hyperledger/fabric-ca/lib/serverrequestcontext.go:475.16,477.3 1 0
github.com/hyperledger/fabric-ca/lib/serverrequestcontext.go:482.16,484.3 1 1
github.com/hyperledger/fabric-ca/lib/serverrequestcontext.go:487.26,489.3 1 1
github.com/hyperledger/fabric-ca/lib/serverrequestcontext.go:495.70,497.16 2 1
github.com/hyperledger/fabric-ca/lib/serverrequestcontext.go:500.2,500.13 1 1
github.com/hyperledger/fabric-ca/lib/serverrequestcontext.go:503.2,503.12 1 1
github.com/hyperledger/fabric-ca/lib/serverrequestcontext.go:497.16,499.3 1 1
github.com/hyperledger/fabric-ca/lib/serverrequestcontext.go:500.13,502.3 1 1
github.com/hyperledger/fabric-ca/lib/serverrequestcontext.go:506.83,508.16 2 1
github.com/hyperledger/fabric-ca/lib/serverrequestcontext.go:512.2,515.16 3 1
github.com/hyperledger/fabric-ca/lib/serverrequestcontext.go:518.2,518.18 1 1
github.com/hyperledger/fabric-ca/lib/serverrequestcontext.go:522.2,523.20 2 1
github.com/hyperledger/fabric-ca/lib/serverrequestcontext.go:529.2,529.46 1 1
github.com/hyperledger/fabric-ca/lib/serverrequestcontext.go:534.2,534.18 1 1
github.com/hyperledger/fabric-ca/lib/serverrequestcontext.go:508.16,510.3 1 0
github.com/hyperledger/fabric-ca/lib/serverrequestcontext.go:515.16,517.3 1 1
github.com/hyperledger/fabric-ca/lib/serverrequestcontext.go:518.18,520.3 1 0
github.com/hyperledger/fabric-ca/lib/serverrequestcontext.go:523.20,525.3 1 1
github.com/hyperledger/fabric-ca/lib/serverrequestcontext.go:525.3,527.3 1 0
github.com/hyperledger/fabric-ca/lib/serverrequestcontext.go:529.46,532.3 2 1
github.com/hyperledger/fabric-ca/lib/serverrequestcontext.go:538.61,540.16 2 1
github.com/hyperledger/fabric-ca/lib/serverrequestcontext.go:543.2,543.14 1 1
github.com/hyperledger/fabric-ca/lib/serverrequestcontext.go:546.2,546.12 1 1
github.com/hyperledger/fabric-ca/lib/serverrequestcontext.go:540.16,542.3 1 1
github.com/hyperledger/fabric-ca/lib/serverrequestcontext.go:543.14,545.3 1 1
github.com/hyperledger/fabric-ca/lib/serverrequestcontext.go:550.69,551.28 1 1
github.com/hyperledger/fabric-ca/lib/serverrequestcontext.go:555.2,556.13 2 1
github.com/hyperledger/fabric-ca/lib/serverrequestcontext.go:560.2,561.16 2 1
github.com/hyperledger/fabric-ca/lib/serverrequestcontext.go:565.2,566.16 2 1
github.com/hyperledger/fabric-ca/lib/serverrequestcontext.go:569.2,570.16 2 1
github.com/hyperledger/fabric-ca/lib/serverrequestcontext.go:573.2,575.35 2 1
github.com/hyperledger/fabric-ca/lib/serverrequestcontext.go:551.28,553.3 1 1
github.com/hyperledger/fabric-ca/lib/serverrequestcontext.go:556.13,558.3 1 0
github.com/hyperledger/fabric-ca/lib/serverrequestcontext.go:561.16,563.3 1 0
github.com/hyperledger/fabric-ca/lib/serverrequestcontext.go:566.16,568.3 1 1
github.com/hyperledger/fabric-ca/lib/serverrequestcontext.go:570.16,572.3 1 0
github.com/hyperledger/fabric-ca/lib/serverrequestcontext.go:579.70,581.17 2 1
github.com/hyperledger/fabric-ca/lib/serverrequestcontext.go:584.2,585.19 2 1
github.com/hyperledger/fabric-ca/lib/serverrequestcontext.go:581.17,583.3 1 0
github.com/hyperledger/fabric-ca/lib/serverrequestcontext.go:589.78,594.17 4 1
github.com/hyperledger/fabric-ca/lib/serverrequestcontext.go:601.2,601.19 1 1
github.com/hyperledger/fabric-ca/lib/serverrequestcontext.go:594.17,596.17 2 1
github.com/hyperledger/fabric-ca/lib/serverrequestcontext.go:596.17,598.4 1 0
github.com/hyperledger/fabric-ca/lib/serverrequestcontext.go:604.83,606.26 2 1
github.com/hyperledger/fabric-ca/lib/serverrequestcontext.go:609.2,609.12 1 1
github.com/hyperledger/fabric-ca/lib/serverrequestcontext.go:606.26,608.3 1 1
github.com/hyperledger/fabric-ca/lib/serverrequestcontext.go:612.62,614.23 2 1
github.com/hyperledger/fabric-ca/lib/serverrequestcontext.go:617.2,617.12 1 1
github.com/hyperledger/fabric-ca/lib/serverrequestcontext.go:614.23,616.3 1 1
github.com/hyperledger/fabric-ca/lib/serverrequestcontext.go:621.72,623.29 2 1
github.com/hyperledger/fabric-ca/lib/serverrequestcontext.go:628.2,628.16 1 1
github.com/hyperledger/fabric-ca/lib/serverrequestcontext.go:631.2,633.29 3 1
github.com/hyperledger/fabric-ca/lib/serverrequestcontext.go:639.2,639.13 1 1
github.com/hyperledger/fabric-ca/lib/serverrequestcontext.go:623.29,624.17 1 1
github.com/hyperledger/fabric-ca/lib/serverrequestcontext.go:624.17,626.4 1 1
github.com/hyperledger/fabric-ca/lib/serverrequestcontext.go:628.16,630.3 1 1
github.com/hyperledger/fabric-ca/lib/serverrequestcontext.go:633.29,634.17 1 1
github.com/hyperledger/fabric-ca/lib/serverrequestcontext.go:634.17,637.4 2 1
github.com/hyperledger/fabric-ca/lib/test-util.go:46.32,48.2 1 1
github.com/hyperledger/fabric-ca/lib/test-util.go:51.46,53.2 1 1
github.com/hyperledger/fabric-ca/lib/test-util.go:56.63,63.2 1 1
github.com/hyperledger/fabric-ca/lib/test-util.go:66.91,68.2 1 1
github.com/hyperledger/fabric-ca/lib/test-util.go:72.109,73.16 1 1
github.com/hyperledger/fabric-ca/lib/test-util.go:76.2,132.16 6 1
github.com/hyperledger/fabric-ca/lib/test-util.go:136.2,136.12 1 1
github.com/hyperledger/fabric-ca/lib/test-util.go:73.16,75.3 1 1
github.com/hyperledger/fabric-ca/lib/test-util.go:132.16,135.3 2 0
github.com/hyperledger/fabric-ca/lib/test-util.go:140.38,142.16 2 1
github.com/hyperledger/fabric-ca/lib/test-util.go:146.2,149.16 3 1
github.com/hyperledger/fabric-ca/lib/test-util.go:153.2,156.16 3 1
github.com/hyperledger/fabric-ca/lib/test-util.go:160.2,161.16 2 1
github.com/hyperledger/fabric-ca/lib/test-util.go:164.2,164.12 1 1
github.com/hyperledger/fabric-ca/lib/test-util.go:142.16,144.3 1 0
github.com/hyperledger/fabric-ca/lib/test-util.go:149.16,151.3 1 0
github.com/hyperledger/fabric-ca/lib/test-util.go:156.16,158.3 1 0
github.com/hyperledger/fabric-ca/lib/test-util.go:161.16,163.3 1 0
github.com/hyperledger/fabric-ca/lib/test-util.go:168.36,185.16 3 1
github.com/hyperledger/fabric-ca/lib/test-util.go:189.2,190.20 2 1
github.com/hyperledger/fabric-ca/lib/test-util.go:193.2,194.16 2 1
github.com/hyperledger/fabric-ca/lib/test-util.go:198.2,202.16 4 1
github.com/hyperledger/fabric-ca/lib/test-util.go:206.2,207.16 2 1
github.com/hyperledger/fabric-ca/lib/test-util.go:210.2,212.12 2 1
github.com/hyperledger/fabric-ca/lib/test-util.go:185.16,187.3 1 0
github.com/hyperledger/fabric-ca/lib/test-util.go:190.20,192.3 1 0
github.com/hyperledger/fabric-ca/lib/test-util.go:194.16,196.3 1 0
github.com/hyperledger/fabric-ca/lib/test-util.go:202.16,204.3 1 0
github.com/hyperledger/fabric-ca/lib/test-util.go:207.16,209.3 1 0
github.com/hyperledger/fabric-ca/lib/serverendpoint.go:41.77,47.16 6 1
github.com/hyperledger/fabric-ca/lib/serverendpoint.go:54.2,55.15 2 1
github.com/hyperledger/fabric-ca/lib/serverendpoint.go:66.2,66.17 1 1
github.com/hyperledger/fabric-ca/lib/serverendpoint.go:70.2,70.42 1 1
github.com/hyperledger/fabric-ca/lib/serverendpoint.go:74.2,75.15 2 1
github.com/hyperledger/fabric-ca/lib/serverendpoint.go:80.2,81.15 2 1
github.com/hyperledger/fabric-ca/lib/serverendpoint.go:86.2,86.26 1 1
github.com/hyperledger/fabric-ca/lib/serverendpoint.go:47.16,53.3 1 1
github.com/hyperledger/fabric-ca/lib/serverendpoint.go:55.15,59.3 2 1
github.com/hyperledger/fabric-ca/lib/serverendpoint.go:59.3,64.3 3 1
github.com/hyperledger/fabric-ca/lib/serverendpoint.go:66.17,68.3 1 1
github.com/hyperledger/fabric-ca/lib/serverendpoint.go:70.42,72.3 1 1
github.com/hyperledger/fabric-ca/lib/serverendpoint.go:75.15,78.3 2 1
github.com/hyperledger/fabric-ca/lib/serverendpoint.go:81.15,83.3 1 1
github.com/hyperledger/fabric-ca/lib/serverendpoint.go:83.3,85.3 1 1
github.com/hyperledger/fabric-ca/lib/serverendpoint.go:89.46,90.23 1 1
github.com/hyperledger/fabric-ca/lib/serverendpoint.go:93.2,93.21 1 1
github.com/hyperledger/fabric-ca/lib/serverendpoint.go:90.23,92.3 1 1
github.com/hyperledger/fabric-ca/lib/serverendpoint.go:97.65,98.31 1 1
github.com/hyperledger/fabric-ca/lib/serverendpoint.go:103.2,103.83 1 1
github.com/hyperledger/fabric-ca/lib/serverendpoint.go:98.31,99.20 1 1
github.com/hyperledger/fabric-ca/lib/serverendpoint.go:99.20,101.4 1 1
github.com/hyperledger/fabric-ca/lib/serverendpoint.go:108.37,109.16 1 1
github.com/hyperledger/fabric-ca/lib/serverendpoint.go:112.2,116.20 3 1
github.com/hyperledger/fabric-ca/lib/serverendpoint.go:126.2,126.52 1 0
github.com/hyperledger/fabric-ca/lib/serverendpoint.go:109.16,111.3 1 1
github.com/hyperledger/fabric-ca/lib/serverendpoint.go:116.20,117.24 1 1
github.com/hyperledger/fabric-ca/lib/serverendpoint.go:118.17,119.28 1 1
github.com/hyperledger/fabric-ca/lib/serverendpoint.go:120.15,121.36 1 1
github.com/hyperledger/fabric-ca/lib/serverendpoint.go:122.11,123.54 1 1
github.com/hyperledger/fabric-ca/lib/serverendpoint.go:129.56,132.16 3 1
github.com/hyperledger/fabric-ca/lib/serverendpoint.go:132.16,134.3 1 0
github.com/hyperledger/fabric-ca/lib/serverendpoint.go:137.108,139.2 1 1
github.com/hyperledger/fabric-ca/lib/serverendpoint.go:150.53,152.2 1 1
github.com/hyperledger/fabric-ca/lib/serverendpoint.go:155.55,156.28 1 1
github.com/hyperledger/fabric-ca/lib/serverendpoint.go:156.28,159.19 3 1
github.com/hyperledger/fabric-ca/lib/serverendpoint.go:166.3,166.29 1 1
github.com/hyperledger/fabric-ca/lib/serverendpoint.go:169.3,170.31 2 1
github.com/hyperledger/fabric-ca/lib/serverendpoint.go:159.19,161.4 1 1
github.com/hyperledger/fabric-ca/lib/serverendpoint.go:161.4,164.4 2 1
github.com/hyperledger/fabric-ca/lib/serverendpoint.go:166.29,168.4 1 1
github.com/hyperledger/fabric-ca/lib/serverendpoint.go:175.63,176.18 1 1
github.com/hyperledger/fabric-ca/lib/serverendpoint.go:179.2,181.22 3 1
github.com/hyperledger/fabric-ca/lib/serverendpoint.go:189.2,189.16 1 1
github.com/hyperledger/fabric-ca/lib/serverendpoint.go:192.2,192.21 1 1
github.com/hyperledger/fabric-ca/lib/serverendpoint.go:176.18,178.3 1 1
github.com/hyperledger/fabric-ca/lib/serverendpoint.go:181.22,184.17 2 1
github.com/hyperledger/fabric-ca/lib/serverendpoint.go:187.3,187.25 1 1
github.com/hyperledger/fabric-ca/lib/serverendpoint.go:184.17,186.4 1 0
github.com/hyperledger/fabric-ca/lib/serverendpoint.go:189.16,191.3 1 0
github.com/hyperledger/fabric-ca/lib/serverendpoint.go:195.40,197.2 1 1
github.com/hyperledger/fabric-ca/lib/serverendpoint.go:199.46,201.2 1 1
github.com/hyperledger/fabric-ca/lib/servertcert.go:26.50,32.2 1 1
github.com/hyperledger/fabric-ca/lib/servertcert.go:35.67,38.16 2 1
github.com/hyperledger/fabric-ca/lib/servertcert.go:42.2,44.16 3 1
github.com/hyperledger/fabric-ca/lib/servertcert.go:48.2,49.16 2 1
github.com/hyperledger/fabric-ca/lib/servertcert.go:53.2,54.16 2 1
github.com/hyperledger/fabric-ca/lib/servertcert.go:57.2,58.16 2 1
github.com/hyperledger/fabric-ca/lib/servertcert.go:61.2,64.16 3 1
github.com/hyperledger/fabric-ca/lib/servertcert.go:70.2,79.16 9 1
github.com/hyperledger/fabric-ca/lib/servertcert.go:83.2,83.18 1 1
github.com/hyperledger/fabric-ca/lib/servertcert.go:38.16,40.3 1 1
github.com/hyperledger/fabric-ca/lib/servertcert.go:44.16,46.3 1 0
github.com/hyperledger/fabric-ca/lib/servertcert.go:49.16,51.3 1 0
github.com/hyperledger/fabric-ca/lib/servertcert.go:54.16,56.3 1 0
github.com/hyperledger/fabric-ca/lib/servertcert.go:58.16,60.3 1 0
github.com/hyperledger/fabric-ca/lib/servertcert.go:64.16,66.3 1 0
github.com/hyperledger/fabric-ca/lib/servertcert.go:79.16,81.3 1 0
github.com/hyperledger/fabric-ca/lib/servertcert.go:87.53,90.2 2 1
github.com/hyperledger/fabric-ca/lib/servergencrl.go:45.51,51.2 1 1
github.com/hyperledger/fabric-ca/lib/servergencrl.go:54.68,57.16 3 1
github.com/hyperledger/fabric-ca/lib/servergencrl.go:62.2,63.16 2 1
github.com/hyperledger/fabric-ca/lib/servergencrl.go:66.2,70.16 3 1
github.com/hyperledger/fabric-ca/lib/servergencrl.go:78.2,79.16 2 1
github.com/hyperledger/fabric-ca/lib/servergencrl.go:83.2,84.16 2 1
github.com/hyperledger/fabric-ca/lib/servergencrl.go:87.2,90.18 3 1
github.com/hyperledger/fabric-ca/lib/servergencrl.go:57.16,59.3 1 0
github.com/hyperledger/fabric-ca/lib/servergencrl.go:63.16,65.3 1 0
github.com/hyperledger/fabric-ca/lib/servergencrl.go:70.16,72.3 1 0
[...]
github.com/hyperledger/fabric-ca/lib/dbaccessor.go:865.90,868.25 2 1
github.com/hyperledger/fabric-ca/lib/dbaccessor.go:873.2,874.27 2 1
github.com/hyperledger/fabric-ca/lib/dbaccessor.go:879.2,882.3 1 1
github.com/hyperledger/fabric-ca/lib/dbaccessor.go:868.25,870.3 1 1
github.com/hyperledger/fabric-ca/lib/dbaccessor.go:874.27,877.3 2 1
github.com/hyperledger/fabric-ca/lib/dbaccessor.go:886.59,901.29 13 1
github.com/hyperledger/fabric-ca/lib/dbaccessor.go:909.2,910.13 2 1
github.com/hyperledger/fabric-ca/lib/dbaccessor.go:901.29,907.3 1 1
github.com/hyperledger/fabric-ca/lib/dbaccessor.go:922.35,924.2 1 1
github.com/hyperledger/fabric-ca/lib/dbaccessor.go:927.35,929.2 1 1
github.com/hyperledger/fabric-ca/lib/dbaccessor.go:932.42,934.2 1 1
github.com/hyperledger/fabric-ca/lib/dbaccessor.go:937.33,939.2 1 1
github.com/hyperledger/fabric-ca/lib/dbaccessor.go:942.44,946.16 4 1
github.com/hyperledger/fabric-ca/lib/dbaccessor.go:949.2,950.16 2 1
github.com/hyperledger/fabric-ca/lib/dbaccessor.go:954.2,954.26 1 1
github.com/hyperledger/fabric-ca/lib/dbaccessor.go:958.2,958.26 1 1
github.com/hyperledger/fabric-ca/lib/dbaccessor.go:961.2,961.12 1 1
github.com/hyperledger/fabric-ca/lib/dbaccessor.go:946.16,948.3 1 0
github.com/hyperledger/fabric-ca/lib/dbaccessor.go:950.16,952.3 1 0
github.com/hyperledger/fabric-ca/lib/dbaccessor.go:954.26,956.3 1 0
github.com/hyperledger/fabric-ca/lib/dbaccessor.go:958.26,960.3 1 0
github.com/hyperledger/fabric-ca/lib/dbaccessor.go:965.65,970.16 3 1
github.com/hyperledger/fabric-ca/lib/dbaccessor.go:974.2,974.27 1 1
github.com/hyperledger/fabric-ca/lib/dbaccessor.go:978.2,978.19 1 1
github.com/hyperledger/fabric-ca/lib/dbaccessor.go:983.2,983.95 1 1
github.com/hyperledger/fabric-ca/lib/dbaccessor.go:991.2,991.59 1 1
github.com/hyperledger/fabric-ca/lib/dbaccessor.go:995.2,997.12 2 1
github.com/hyperledger/fabric-ca/lib/dbaccessor.go:970.16,972.3 1 1
github.com/hyperledger/fabric-ca/lib/dbaccessor.go:974.27,976.3 1 0
github.com/hyperledger/fabric-ca/lib/dbaccessor.go:978.19,980.3 1 1
github.com/hyperledger/fabric-ca/lib/dbaccessor.go:983.95,986.3 2 0
github.com/hyperledger/fabric-ca/lib/dbaccessor.go:991.59,993.3 1 1
github.com/hyperledger/fabric-ca/lib/dbaccessor.go:1002.40,1009.28 6 1
github.com/hyperledger/fabric-ca/lib/dbaccessor.go:1017.2,1018.16 2 1
github.com/hyperledger/fabric-ca/lib/dbaccessor.go:1022.2,1023.16 2 1
github.com/hyperledger/fabric-ca/lib/dbaccessor.go:1027.2,1027.26 1 1
github.com/hyperledger/fabric-ca/lib/dbaccessor.go:1031.2,1031.26 1 1
github.com/hyperledger/fabric-ca/lib/dbaccessor.go:1035.2,1036.12 2 1
github.com/hyperledger/fabric-ca/lib/dbaccessor.go:1009.28,1012.3 1 1
github.com/hyperledger/fabric-ca/lib/dbaccessor.go:1012.3,1016.3 2 1
github.com/hyperledger/fabric-ca/lib/dbaccessor.go:1018.16,1020.3 1 0
github.com/hyperledger/fabric-ca/lib/dbaccessor.go:1023.16,1025.3 1 0
github.com/hyperledger/fabric-ca/lib/dbaccessor.go:1027.26,1029.3 1 0
github.com/hyperledger/fabric-ca/lib/dbaccessor.go:1031.26,1033.3 1 0
github.com/hyperledger/fabric-ca/lib/dbaccessor.go:1041.48,1044.2 2 1
github.com/hyperledger/fabric-ca/lib/dbaccessor.go:1047.68,1049.14 2 1
github.com/hyperledger/fabric-ca/lib/dbaccessor.go:1052.2,1052.20 1 1
github.com/hyperledger/fabric-ca/lib/dbaccessor.go:1049.14,1051.3 1 1
github.com/hyperledger/fabric-ca/lib/dbaccessor.go:1057.77,1059.22 2 1
github.com/hyperledger/fabric-ca/lib/dbaccessor.go:1066.2,1066.33 1 1
github.com/hyperledger/fabric-ca/lib/dbaccessor.go:1073.2,1073.19 1 1
github.com/hyperledger/fabric-ca/lib/dbaccessor.go:1059.22,1060.33 1 1
github.com/hyperledger/fabric-ca/lib/dbaccessor.go:1063.3,1063.20 1 1
github.com/hyperledger/fabric-ca/lib/dbaccessor.go:1060.33,1062.4 1 1
github.com/hyperledger/fabric-ca/lib/dbaccessor.go:1066.33,1068.15 2 1
github.com/hyperledger/fabric-ca/lib/dbaccessor.go:1071.3,1071.31 1 1
github.com/hyperledger/fabric-ca/lib/dbaccessor.go:1068.15,1070.4 1 0
github.com/hyperledger/fabric-ca/lib/dbaccessor.go:1077.33,1081.16 3 1
github.com/hyperledger/fabric-ca/lib/dbaccessor.go:1085.2,1086.16 2 1
github.com/hyperledger/fabric-ca/lib/dbaccessor.go:1090.2,1090.26 1 1
github.com/hyperledger/fabric-ca/lib/dbaccessor.go:1094.2,1094.26 1 1
github.com/hyperledger/fabric-ca/lib/dbaccessor.go:1098.2,1100.12 2 1
github.com/hyperledger/fabric-ca/lib/dbaccessor.go:1081.16,1083.3 1 0
github.com/hyperledger/fabric-ca/lib/dbaccessor.go:1086.16,1088.3 1 0
github.com/hyperledger/fabric-ca/lib/dbaccessor.go:1090.26,1092.3 1 0
github.com/hyperledger/fabric-ca/lib/dbaccessor.go:1094.26,1096.3 1 0
github.com/hyperledger/fabric-ca/lib/dbaccessor.go:1104.67,1110.16 5 1
github.com/hyperledger/fabric-ca/lib/dbaccessor.go:1114.2,1117.16 4 1
github.com/hyperledger/fabric-ca/lib/dbaccessor.go:1121.2,1122.16 2 1
github.com/hyperledger/fabric-ca/lib/dbaccessor.go:1126.2,1126.26 1 1
github.com/hyperledger/fabric-ca/lib/dbaccessor.go:1130.2,1130.26 1 1
github.com/hyperledger/fabric-ca/lib/dbaccessor.go:1133.2,1133.12 1 1
github.com/hyperledger/fabric-ca/lib/dbaccessor.go:1110.16,1112.3 1 0
github.com/hyperledger/fabric-ca/lib/dbaccessor.go:1117.16,1119.3 1 0
github.com/hyperledger/fabric-ca/lib/dbaccessor.go:1122.16,1124.3 1 0
github.com/hyperledger/fabric-ca/lib/dbaccessor.go:1126.26,1128.3 1 0
github.com/hyperledger/fabric-ca/lib/dbaccessor.go:1130.26,1132.3 1 0
github.com/hyperledger/fabric-ca/lib/dbaccessor.go:1136.48,1137.49 1 1
github.com/hyperledger/fabric-ca/lib/dbaccessor.go:1140.2,1140.88 1 1
github.com/hyperledger/fabric-ca/lib/dbaccessor.go:1137.49,1139.3 1 1
github.com/hyperledger/fabric-ca/lib/keyrequest.go:25.56,26.27 1 1
github.com/hyperledger/fabric-ca/lib/keyrequest.go:26.27,28.3 1 1
github.com/hyperledger/fabric-ca/lib/keyrequest.go:28.3,28.38 1 0
github.com/hyperledger/fabric-ca/lib/keyrequest.go:28.38,30.3 1 0
github.com/hyperledger/fabric-ca/lib/keyrequest.go:30.3,32.3 1 0
github.com/hyperledger/fabric-ca/lib/server.go:87.47,90.17 3 1
github.com/hyperledger/fabric-ca/lib/server.go:93.2,93.12 1 1
github.com/hyperledger/fabric-ca/lib/server.go:90.17,92.3 1 0
github.com/hyperledger/fabric-ca/lib/server.go:97.47,101.16 4 1
github.com/hyperledger/fabric-ca/lib/server.go:104.2,108.16 3 1
github.com/hyperledger/fabric-ca/lib/server.go:112.2,113.16 2 1
github.com/hyperledger/fabric-ca/lib/server.go:117.2,117.12 1 1
github.com/hyperledger/fabric-ca/lib/server.go:101.16,103.3 1 0
github.com/hyperledger/fabric-ca/lib/server.go:108.16,110.3 1 1
github.com/hyperledger/fabric-ca/lib/server.go:113.16,115.3 1 1
github.com/hyperledger/fabric-ca/lib/server.go:121.38,126.23 3 1
github.com/hyperledger/fabric-ca/lib/server.go:131.2,132.16 2 1
github.com/hyperledger/fabric-ca/lib/server.go:141.2,147.16 4 1
github.com/hyperledger/fabric-ca/lib/server.go:154.2,154.12 1 1
github.com/hyperledger/fabric-ca/lib/server.go:126.23,128.3 1 1
github.com/hyperledger/fabric-ca/lib/server.go:132.16,134.18 2 1
github.com/hyperledger/fabric-ca/lib/server.go:137.3,137.13 1 1
github.com/hyperledger/fabric-ca/lib/server.go:134.18,136.4 1 0
github.com/hyperledger/fabric-ca/lib/server.go:147.16,149.18 2 1
github.com/hyperledger/fabric-ca/lib/server.go:152.3,152.13 1 1
github.com/hyperledger/fabric-ca/lib/server.go:149.18,151.4 1 0
github.com/hyperledger/fabric-ca/lib/server.go:161.31,163.16 2 1
github.com/hyperledger/fabric-ca/lib/server.go:166.2,166.19 1 1
github.com/hyperledger/fabric-ca/lib/server.go:171.2,172.26 2 1
github.com/hyperledger/fabric-ca/lib/server.go:184.2,187.16 3 1
github.com/hyperledger/fabric-ca/lib/server.go:190.2,190.12 1 1
github.com/hyperledger/fabric-ca/lib/server.go:163.16,165.3 1 0
github.com/hyperledger/fabric-ca/lib/server.go:166.19,168.3 1 0
github.com/hyperledger/fabric-ca/lib/server.go:172.26,173.10 1 1
github.com/hyperledger/fabric-ca/lib/server.go:174.17,178.14 4 1
github.com/hyperledger/fabric-ca/lib/server.go:179.11,181.27 2 1
github.com/hyperledger/fabric-ca/lib/server.go:187.16,189.3 1 0
github.com/hyperledger/fabric-ca/lib/server.go:194.78,198.30 2 1
github.com/hyperledger/fabric-ca/lib/server.go:202.2,223.12 5 1
github.com/hyperledger/fabric-ca/lib/server.go:198.30,200.3 1 1
github.com/hyperledger/fabric-ca/lib/server.go:227.43,229.21 1 1
github.com/hyperledger/fabric-ca/lib/server.go:236.2,237.16 2 1
github.com/hyperledger/fabric-ca/lib/server.go:240.2,242.21 2 1
github.com/hyperledger/fabric-ca/lib/server.go:245.2,247.15 2 1
github.com/hyperledger/fabric-ca/lib/server.go:250.2,253.16 4 1
github.com/hyperledger/fabric-ca/lib/server.go:256.2,259.12 3 1
github.com/hyperledger/fabric-ca/lib/server.go:229.21,231.17 2 1
github.com/hyperledger/fabric-ca/lib/server.go:231.17,233.4 1 1
github.com/hyperledger/fabric-ca/lib/server.go:237.16,239.3 1 0
github.com/hyperledger/fabric-ca/lib/server.go:242.21,244.3 1 1
github.com/hyperledger/fabric-ca/lib/server.go:247.15,249.3 1 1
github.com/hyperledger/fabric-ca/lib/server.go:253.16,255.3 1 1
github.com/hyperledger/fabric-ca/lib/server.go:263.50,265.46 2 1
github.com/hyperledger/fabric-ca/lib/server.go:268.2,269.16 2 1
github.com/hyperledger/fabric-ca/lib/server.go:273.2,274.22 2 1
github.com/hyperledger/fabric-ca/lib/server.go:277.2,277.27 1 1
github.com/hyperledger/fabric-ca/lib/server.go:289.2,289.12 1 1
github.com/hyperledger/fabric-ca/lib/server.go:265.46,267.3 1 1
github.com/hyperledger/fabric-ca/lib/server.go:269.16,271.3 1 0
github.com/hyperledger/fabric-ca/lib/server.go:274.22,276.3 1 1
github.com/hyperledger/fabric-ca/lib/server.go:277.27,282.34 5 1
github.com/hyperledger/fabric-ca/lib/server.go:282.34,284.18 2 1
github.com/hyperledger/fabric-ca/lib/server.go:284.18,286.5 1 1
github.com/hyperledger/fabric-ca/lib/server.go:292.50,296.16 4 1
github.com/hyperledger/fabric-ca/lib/server.go:299.2,300.16 2 1
github.com/hyperledger/fabric-ca/lib/server.go:303.2,304.12 2 1
github.com/hyperledger/fabric-ca/lib/server.go:296.16,298.3 1 1
github.com/hyperledger/fabric-ca/lib/server.go:300.16,302.3 1 0
github.com/hyperledger/fabric-ca/lib/server.go:309.58,313.30 3 1
github.com/hyperledger/fabric-ca/lib/server.go:320.2,323.16 4 1
github.com/hyperledger/fabric-ca/lib/server.go:329.2,330.18 2 1
github.com/hyperledger/fabric-ca/lib/server.go:336.2,342.47 2 1
github.com/hyperledger/fabric-ca/lib/server.go:346.2,346.38 1 1
github.com/hyperledger/fabric-ca/lib/server.go:350.2,353.16 3 1
github.com/hyperledger/fabric-ca/lib/server.go:356.2,357.16 2 1
github.com/hyperledger/fabric-ca/lib/server.go:363.2,363.12 1 1
github.com/hyperledger/fabric-ca/lib/server.go:313.30,315.3 1 1
github.com/hyperledger/fabric-ca/lib/server.go:323.16,325.3 1 0
github.com/hyperledger/fabric-ca/lib/server.go:330.18,332.3 1 0
github.com/hyperledger/fabric-ca/lib/server.go:342.47,344.3 1 1
github.com/hyperledger/fabric-ca/lib/server.go:346.38,348.3 1 1
github.com/hyperledger/fabric-ca/lib/server.go:353.16,355.3 1 1
github.com/hyperledger/fabric-ca/lib/server.go:357.16,359.18 2 1
github.com/hyperledger/fabric-ca/lib/server.go:359.18,361.4 1 0
github.com/hyperledger/fabric-ca/lib/server.go:373.38,376.28 2 1
github.com/hyperledger/fabric-ca/lib/server.go:387.2,389.12 2 1
github.com/hyperledger/fabric-ca/lib/server.go:376.28,377.33 1 1
github.com/hyperledger/fabric-ca/lib/server.go:381.3,382.17 2 1
github.com/hyperledger/fabric-ca/lib/server.go:377.33,380.4 1 1
github.com/hyperledger/fabric-ca/lib/server.go:382.17,384.4 1 1
github.com/hyperledger/fabric-ca/lib/server.go:393.34,397.16 3 1
github.com/hyperledger/fabric-ca/lib/server.go:401.2,401.28 1 1
github.com/hyperledger/fabric-ca/lib/server.go:407.2,407.12 1 1
github.com/hyperledger/fabric-ca/lib/server.go:397.16,399.3 1 0
github.com/hyperledger/fabric-ca/lib/server.go:401.28,403.17 2 1
github.com/hyperledger/fabric-ca/lib/server.go:403.17,405.4 1 0
github.com/hyperledger/fabric-ca/lib/server.go:411.60,415.16 3 1
github.com/hyperledger/fabric-ca/lib/server.go:419.2,421.32 2 1
github.com/hyperledger/fabric-ca/lib/server.go:448.2,448.12 1 1
github.com/hyperledger/fabric-ca/lib/server.go:415.16,417.3 1 0
github.com/hyperledger/fabric-ca/lib/server.go:421.32,438.17 11 1
github.com/hyperledger/fabric-ca/lib/server.go:442.3,443.17 2 1
github.com/hyperledger/fabric-ca/lib/server.go:438.17,440.4 1 0
github.com/hyperledger/fabric-ca/lib/server.go:443.17,445.4 1 0
github.com/hyperledger/fabric-ca/lib/server.go:452.50,455.15 2 1
github.com/hyperledger/fabric-ca/lib/server.go:458.2,458.16 1 1
github.com/hyperledger/fabric-ca/lib/server.go:455.15,457.3 1 1
github.com/hyperledger/fabric-ca/lib/server.go:462.37,475.2 12 1
github.com/hyperledger/fabric-ca/lib/server.go:478.67,481.2 2 1
github.com/hyperledger/fabric-ca/lib/server.go:484.47,493.21 5 1
github.com/hyperledger/fabric-ca/lib/server.go:496.2,496.17 1 1
github.com/hyperledger/fabric-ca/lib/server.go:499.2,502.19 3 1
github.com/hyperledger/fabric-ca/lib/server.go:569.2,573.16 4 1
github.com/hyperledger/fabric-ca/lib/server.go:579.2,579.21 1 1
github.com/hyperledger/fabric-ca/lib/server.go:582.2,585.12 3 1
github.com/hyperledger/fabric-ca/lib/server.go:493.21,495.3 1 1
github.com/hyperledger/fabric-ca/lib/server.go:496.17,498.3 1 1
github.com/hyperledger/fabric-ca/lib/server.go:502.19,510.26 3 1
github.com/hyperledger/fabric-ca/lib/server.go:524.3,527.17 3 1
github.com/hyperledger/fabric-ca/lib/server.go:531.3,531.34 1 1
github.com/hyperledger/fabric-ca/lib/server.go:535.3,538.54 3 1
github.com/hyperledger/fabric-ca/lib/server.go:542.3,543.36 2 1
github.com/hyperledger/fabric-ca/lib/server.go:550.3,559.17 3 1
github.com/hyperledger/fabric-ca/lib/server.go:510.26,511.39 1 1
github.com/hyperledger/fabric-ca/lib/server.go:514.4,514.40 1 1
github.com/hyperledger/fabric-ca/lib/server.go:511.39,513.5 1 1
github.com/hyperledger/fabric-ca/lib/server.go:514.40,516.5 1 0
github.com/hyperledger/fabric-ca/lib/server.go:517.4,517.46 1 1
github.com/hyperledger/fabric-ca/lib/server.go:517.46,520.18 2 1
github.com/hyperledger/fabric-ca/lib/server.go:520.18,522.5 1 0
github.com/hyperledger/fabric-ca/lib/server.go:527.17,529.4 1 0
github.com/hyperledger/fabric-ca/lib/server.go:531.34,533.4 1 1
github.com/hyperledger/fabric-ca/lib/server.go:538.54,540.4 1 1
github.com/hyperledger/fabric-ca/lib/server.go:543.36,545.18 2 1
github.com/hyperledger/fabric-ca/lib/server.go:545.18,547.5 1 1
github.com/hyperledger/fabric-ca/lib/server.go:559.17,561.4 1 1
github.com/hyperledger/fabric-ca/lib/server.go:562.3,565.17 3 1
github.com/hyperledger/fabric-ca/lib/server.go:565.17,567.4 1 1
github.com/hyperledger/fabric-ca/lib/server.go:573.16,576.3 2 1
github.com/hyperledger/fabric-ca/lib/server.go:579.21,581.3 1 0
github.com/hyperledger/fabric-ca/lib/server.go:588.32,590.21 2 1
github.com/hyperledger/fabric-ca/lib/server.go:600.2,604.16 5 1
github.com/hyperledger/fabric-ca/lib/server.go:607.2,607.19 1 1
github.com/hyperledger/fabric-ca/lib/server.go:610.2,610.21 1 1
github.com/hyperledger/fabric-ca/lib/server.go:590.21,599.3 1 1
github.com/hyperledger/fabric-ca/lib/server.go:604.16,606.3 1 0
github.com/hyperledger/fabric-ca/lib/server.go:607.19,609.3 1 1
github.com/hyperledger/fabric-ca/lib/server.go:616.50,619.17 2 1
github.com/hyperledger/fabric-ca/lib/server.go:638.2,638.12 1 1
github.com/hyperledger/fabric-ca/lib/server.go:619.17,621.30 2 1
github.com/hyperledger/fabric-ca/lib/server.go:621.30,624.4 1 1
github.com/hyperledger/fabric-ca/lib/server.go:624.4,628.19 4 1
github.com/hyperledger/fabric-ca/lib/server.go:631.4,631.14 1 1
github.com/hyperledger/fabric-ca/lib/server.go:628.19,630.5 1 1
github.com/hyperledger/fabric-ca/lib/server.go:631.14,635.5 3 1
github.com/hyperledger/fabric-ca/lib/server.go:642.48,645.16 3 1
github.com/hyperledger/fabric-ca/lib/server.go:648.2,648.12 1 1
github.com/hyperledger/fabric-ca/lib/server.go:645.16,647.3 1 0
github.com/hyperledger/fabric-ca/lib/server.go:652.40,656.23 4 1
github.com/hyperledger/fabric-ca/lib/server.go:661.2,663.16 3 1
github.com/hyperledger/fabric-ca/lib/server.go:667.2,668.12 2 1
github.com/hyperledger/fabric-ca/lib/server.go:656.23,660.3 3 1
github.com/hyperledger/fabric-ca/lib/server.go:663.16,666.3 2 0
github.com/hyperledger/fabric-ca/lib/server.go:671.76,674.16 3 1
github.com/hyperledger/fabric-ca/lib/server.go:678.2,679.16 2 1
github.com/hyperledger/fabric-ca/lib/server.go:683.2,684.16 2 1
github.com/hyperledger/fabric-ca/lib/server.go:687.2,687.12 1 1
github.com/hyperledger/fabric-ca/lib/server.go:674.16,676.3 1 0
github.com/hyperledger/fabric-ca/lib/server.go:679.16,681.3 1 0
github.com/hyperledger/fabric-ca/lib/server.go:684.16,686.3 1 1
github.com/hyperledger/fabric-ca/lib/server.go:691.56,698.16 5 0
github.com/hyperledger/fabric-ca/lib/server.go:702.2,702.17 1 0
github.com/hyperledger/fabric-ca/lib/server.go:698.16,700.3 1 0
github.com/hyperledger/fabric-ca/lib/server.go:705.67,708.16 3 1
github.com/hyperledger/fabric-ca/lib/server.go:711.2,712.16 2 1
github.com/hyperledger/fabric-ca/lib/server.go:715.2,716.16 2 1
github.com/hyperledger/fabric-ca/lib/server.go:719.2,723.31 2 1
github.com/hyperledger/fabric-ca/lib/server.go:708.16,710.3 1 0
github.com/hyperledger/fabric-ca/lib/server.go:712.16,714.3 1 0
github.com/hyperledger/fabric-ca/lib/server.go:716.16,718.3 1 0
github.com/hyperledger/fabric-ca/lib/server.go:726.56,745.16 9 1
github.com/hyperledger/fabric-ca/lib/server.go:750.2,757.16 3 1
github.com/hyperledger/fabric-ca/lib/server.go:762.2,764.12 2 1
github.com/hyperledger/fabric-ca/lib/server.go:745.16,747.3 1 0
github.com/hyperledger/fabric-ca/lib/server.go:757.16,759.3 1 0
github.com/hyperledger/fabric-ca/lib/server.go:767.40,769.33 2 1
github.com/hyperledger/fabric-ca/lib/server.go:775.2,775.12 1 1
github.com/hyperledger/fabric-ca/lib/server.go:769.33,771.36 2 1
github.com/hyperledger/fabric-ca/lib/server.go:771.36,773.4 1 1
github.com/hyperledger/fabric-ca/lib/server.go:778.81,780.46 2 1
github.com/hyperledger/fabric-ca/lib/server.go:796.2,796.46 1 1
github.com/hyperledger/fabric-ca/lib/server.go:780.46,781.23 1 1
github.com/hyperledger/fabric-ca/lib/server.go:781.23,782.37 1 1
github.com/hyperledger/fabric-ca/lib/server.go:782.37,783.45 1 1
github.com/hyperledger/fabric-ca/lib/server.go:783.45,786.6 1 1
github.com/hyperledger/fabric-ca/lib/server.go:786.6,789.6 1 0
github.com/hyperledger/fabric-ca/lib/server.go:790.5,793.5 1 0
github.com/hyperledger/fabric-ca/lib/serveridemixenroll.go:39.57,46.2 1 0
github.com/hyperledger/fabric-ca/lib/serveridemixenroll.go:49.76,58.16 4 0
github.com/hyperledger/fabric-ca/lib/serveridemixenroll.go:62.2,64.16 3 0
github.com/hyperledger/fabric-ca/lib/serveridemixenroll.go:67.2,67.18 1 0
github.com/hyperledger/fabric-ca/lib/serveridemixenroll.go:58.16,61.3 2 0
github.com/hyperledger/fabric-ca/lib/serveridemixenroll.go:64.16,66.3 1 0
github.com/hyperledger/fabric-ca/lib/serveridemixenroll.go:72.98,78.2 1 0
github.com/hyperledger/fabric-ca/lib/serveridemixenroll.go:85.65,87.2 1 0
github.com/hyperledger/fabric-ca/lib/serveridemixenroll.go:88.65,90.2 1 0
github.com/hyperledger/fabric-ca/lib/serveridemixenroll.go:91.54,93.2 1 0
github.com/hyperledger/fabric-ca/lib/serveridemixenroll.go:94.57,96.2 1 0
github.com/hyperledger/fabric-ca/lib/serveridemixenroll.go:97.60,99.2 1 0
github.com/hyperledger/fabric-ca/lib/signer.go:30.66,37.2 1 1
github.com/hyperledger/fabric-ca/lib/signer.go:49.34,51.2 1 0
github.com/hyperledger/fabric-ca/lib/signer.go:54.32,56.2 1 1
github.com/hyperledger/fabric-ca/lib/signer.go:59.59,61.16 2 1
github.com/hyperledger/fabric-ca/lib/signer.go:64.2,64.18 1 1
github.com/hyperledger/fabric-ca/lib/signer.go:61.16,63.3 1 0
github.com/hyperledger/fabric-ca/lib/signer.go:68.64,71.16 3 1
github.com/hyperledger/fabric-ca/lib/signer.go:74.2,78.25 2 1
github.com/hyperledger/fabric-ca/lib/signer.go:71.16,73.3 1 0
github.com/hyperledger/fabric-ca/lib/signer.go:82.60,84.16 2 1
github.com/hyperledger/fabric-ca/lib/signer.go:87.2,88.16 2 1
github.com/hyperledger/fabric-ca/lib/signer.go:91.2,91.19 1 1
github.com/hyperledger/fabric-ca/lib/signer.go:84.16,86.3 1 0
github.com/hyperledger/fabric-ca/lib/signer.go:88.16,90.3 1 0
